1 keep PI 0.004024144869215292
2 keep PI 0.004024144869215292
3 keep PI 0.004024144869215292
4 keep PI 0.01006036217303823
5 trim nConst,nPI 1.0
6 trim nConst,nPI 1.0
7 keep PI 0.8873239436619719
8 keep PI 0.9235412474849095
9 trim PI 0.9577464788732394
10 trim PI 0.9678068410462777
11 trim PI 0.9798792756539235
12 trim PI 0.9818913480885312
13 trim nConst,nPI 0.9919517102615694
14 trim nConst,nPI 0.9959758551307847
15 trim nConst,nPI 0.9959758551307847
16 trim nConst,nPI 0.9959758551307847
17 trim nConst,nPI 0.9959758551307847
18 trim nConst,nPI 0.9979879275653923
19 trim nConst,nPI 1.0
20 trim nConst,nPI 1.0
21 keep PI 0.004024144869215292
22 keep PI 0.004024144869215292
23 keep PI 0.004024144869215292
24 keep PI 0.01006036217303823
25 keep PI 0.01006036217303823
26 keep PI 0.014084507042253521
27 keep PI 0.014084507042253521
28 trim nConst,nPI 1.0
29 trim nConst,nPI 0.9979879275653923
30 trim PI 0.9778672032193159
31 trim PI 0.9839034205231388
32 trim nConst,nPI 0.9899396378269618
33 trim nConst,nPI 0.9959758551307847
34 trim nConst,nPI 0.9959758551307847
35 trim nConst,nPI 0.9959758551307847
36 trim nConst,nPI 0.9959758551307847
37 trim nConst,nPI 0.9979879275653923
38 trim nConst,nPI 0.9979879275653923
39 trim nConst,nPI 0.9979879275653923
40 trim nConst,nPI 0.9979879275653923
41 trim nConst,nPI 0.9979879275653923
42 trim nConst,nPI 1.0
43 trim nConst,nPI 1.0
44 keep PI 0.008048289738430584
45 keep PI 0.008048289738430584
46 keep PI 0.002012072434607646
47 keep PI 0.002012072434607646
48 keep PI 0.002012072434607646
49 keep PI 0.002012072434607646
50 keep PI 0.002012072434607646
51 keep PI 0.002012072434607646
52 keep PI 0.002012072434607646
53 trim nConst,nPI 1.0
54 trim nConst,nPI 1.0
55 keep PI 0.0925553319919517
56 keep PI 0.15090543259557343
57 keep PI 0.778672032193159
58 keep PI 0.8048289738430584
59 keep PI 0.8289738430583501
60 keep PI 0.8953722334004024
61 keep PI 0.9215291750503019
62 trim PI 0.9678068410462777
63 trim PI 0.971830985915493
64 trim PI 0.9818913480885312
65 trim nConst,nPI 0.9839034205231388
66 trim nConst,nPI 0.9839034205231388
67 trim nConst,nPI 0.9859154929577465
68 trim nConst,nPI 0.9859154929577465
69 trim nConst,nPI 0.9859154929577465
70 trim nConst,nPI 0.9859154929577465
71 trim nConst,nPI 0.9859154929577465
72 trim nConst,nPI 0.9859154929577465
73 trim nConst,nPI 0.9899396378269618
74 trim nConst,nPI 0.9919517102615694
75 trim nConst,nPI 0.9919517102615694
76 trim nConst,nPI 0.993963782696177
77 trim nConst,nPI 0.993963782696177
78 trim nConst,nPI 0.993963782696177
79 trim nConst,nPI 0.993963782696177
80 trim nConst,nPI 0.993963782696177
81 trim nConst,nPI 0.9979879275653923
82 trim nConst,nPI 0.9979879275653923
83 trim nConst,nPI 0.9979879275653923
84 trim nConst,nPI 0.9979879275653923
85 trim nConst,nPI 0.9979879275653923
86 trim nConst,nPI 0.9979879275653923
87 trim nConst,nPI 0.9979879275653923
88 trim nConst,nPI 0.9979879275653923
89 trim nConst,nPI 0.9979879275653923
90 trim nConst,nPI 0.9979879275653923
91 trim nConst,nPI 1.0
92 trim nConst,nPI 1.0
93 keep PI 0.012072434607645875
94 keep PI 0.002012072434607646
95 keep PI 0.002012072434607646
96 keep PI 0.002012072434607646
97 keep PI 0.002012072434607646
98 keep PI 0.002012072434607646
99 keep PI 0.002012072434607646
100 keep PI 0.002012072434607646
101 keep PI 0.002012072434607646
102 keep PI 0.002012072434607646
103 keep PI 0.006036217303822937
104 trim nConst,nPI 1.0
105 trim nConst,nPI 1.0
106 keep PI 0.014084507042253521
107 keep PI 0.028169014084507043
108 keep PI 0.052313883299798795
109 keep PI 0.0925553319919517
110 keep PI 0.14285714285714285
111 keep PI 0.2535211267605634
112 keep PI 0.3561368209255533
113 keep PI 0.5573440643863179
114 keep PI 0.7323943661971831
115 keep PI 0.89738430583501
116 keep PI 0.9336016096579477
117 keep PI 0.9496981891348089
118 trim PI 0.9678068410462777
119 trim PI 0.971830985915493
120 trim nConst,nPI 0.9818913480885312
121 trim nConst,nPI 0.9859154929577465
122 trim nConst,nPI 0.9879275653923542
123 trim nConst,nPI 0.9899396378269618
124 trim nConst,nPI 0.9899396378269618
125 trim nConst,nPI 0.9899396378269618
126 trim nConst,nPI 0.9899396378269618
127 trim nConst,nPI 0.9899396378269618
128 trim nConst,nPI 0.9899396378269618
129 trim nConst,nPI 0.9899396378269618
130 trim nConst,nPI 0.9899396378269618
131 trim nConst,nPI 0.9919517102615694
132 trim nConst,nPI 0.9919517102615694
133 trim nConst,nPI 0.993963782696177
134 trim nConst,nPI 0.993963782696177
135 trim nConst,nPI 0.9959758551307847
136 trim nConst,nPI 0.9959758551307847
137 trim Const 0.9959758551307847
138 trim nConst,nPI 1.0
139 trim nConst,nPI 1.0
140 keep PI 0.01006036217303823
141 keep PI 0.006036217303822937
142 keep PI 0.004024144869215292
143 keep PI 0.004024144869215292
144 keep PI 0.004024144869215292
145 keep PI 0.004024144869215292
146 keep PI 0.004024144869215292
147 keep PI 0.004024144869215292
148 keep PI 0.004024144869215292
149 keep PI 0.004024144869215292
150 keep PI 0.004024144869215292
151 keep PI 0.006036217303822937
152 keep PI 0.004024144869215292
153 keep PI 0.006036217303822937
154 trim nConst,nPI 1.0
155 trim nConst,nPI 1.0
156 keep PI 0.710261569416499
157 keep PI 0.8873239436619719
158 keep PI 0.9215291750503019
159 keep PI 0.9396378269617707
160 keep PI 0.9436619718309859
161 trim PI 0.9557344064386318
162 trim PI 0.9798792756539235
163 trim PI 0.9818913480885312
164 trim nConst,nPI 0.9879275653923542
165 trim PI 0.9899396378269618
166 trim nConst,nPI 0.9899396378269618
167 trim nConst,nPI 0.9899396378269618
168 trim nConst,nPI 0.9899396378269618
169 trim nConst,nPI 0.9899396378269618
170 trim nConst,nPI 0.9899396378269618
171 trim nConst,nPI 0.9899396378269618
172 trim nConst,nPI 0.9899396378269618
173 trim nConst,nPI 0.9959758551307847
174 trim nConst,nPI 0.9979879275653923
175 trim nConst,nPI 0.9979879275653923
176 trim nConst,nPI 0.9979879275653923
177 trim nConst,nPI 0.9979879275653923
178 trim nConst,nPI 1.0
179 trim nConst,nPI 1.0
180 keep PI 0.01609657947686117
181 keep PI 0.014084507042253521
182 keep PI 0.008048289738430584
183 keep PI 0.002012072434607646
184 keep PI 0.002012072434607646
185 keep PI 0.002012072434607646
186 keep PI 0.002012072434607646
187 keep PI 0.002012072434607646
188 keep PI 0.002012072434607646
189 keep PI 0.002012072434607646
190 keep PI 0.002012072434607646
191 keep PI 0.002012072434607646
192 keep PI 0.004024144869215292
193 keep PI 0.006036217303822937
194 keep PI 0.02012072434607646
195 keep PI 0.06639839034205232
196 trim nConst,nPI 1.0
197 trim nConst,nPI 1.0
198 keep PI 0.738430583501006
199 keep PI 0.7826961770623743
200 keep PI 0.8329979879275654
201 keep PI 0.8329979879275654
202 keep PI 0.8873239436619719
203 keep PI 0.9195171026156942
204 trim PI 0.9557344064386318
205 trim PI 0.959758551307847
206 trim PI 0.9637826961770624
207 trim PI 0.9637826961770624
208 trim PI 0.971830985915493
209 trim PI 0.9738430583501007
210 trim PI 0.9738430583501007
211 trim PI 0.9738430583501007
212 trim PI 0.9758551307847082
213 trim PI 0.9758551307847082
214 trim PI 0.9758551307847082
215 trim PI 0.9758551307847082
216 trim PI 0.9778672032193159
217 trim nConst,nPI 0.9778672032193159
218 trim PI 0.9778672032193159
219 trim nConst,nPI 0.9778672032193159
220 trim PI 0.9778672032193159
221 trim PI 0.9778672032193159
222 trim PI 0.9778672032193159
223 trim PI 0.9778672032193159
224 trim PI 0.9778672032193159
225 trim PI 0.9798792756539235
226 trim nConst,nPI 0.9798792756539235
227 trim nConst,nPI 0.9818913480885312
228 trim PI 0.9818913480885312
229 trim nConst,nPI 0.9839034205231388
230 trim PI 0.9859154929577465
231 trim PI 0.9859154929577465
232 trim nConst,nPI 0.9859154929577465
233 trim nConst,nPI 0.9879275653923542
234 trim nConst,nPI 0.9879275653923542
235 trim nConst,nPI 0.9899396378269618
236 trim nConst,nPI 0.9899396378269618
237 trim PI 0.9899396378269618
238 trim nConst,nPI 0.9899396378269618
239 trim nConst,nPI 0.9899396378269618
240 trim nConst,nPI 0.9919517102615694
241 trim nConst,nPI 0.9919517102615694
242 trim nConst,nPI 0.9919517102615694
243 trim nConst,nPI 0.9919517102615694
244 trim nConst,nPI 0.9919517102615694
245 trim nConst,nPI 0.9919517102615694
246 trim nConst,nPI 0.9919517102615694
247 trim nConst,nPI 0.9919517102615694
248 trim nConst,nPI 0.9919517102615694
249 trim nConst,nPI 0.9919517102615694
250 trim nConst,nPI 0.9919517102615694
251 trim nConst,nPI 0.9919517102615694
252 trim nConst,nPI 0.9919517102615694
253 trim nConst,nPI 0.9919517102615694
254 trim nConst,nPI 0.9919517102615694
255 trim nConst,nPI 0.9919517102615694
256 trim nConst,nPI 0.9919517102615694
257 trim nConst,nPI 0.993963782696177
258 trim nConst,nPI 0.993963782696177
259 trim nConst,nPI 0.993963782696177
260 trim nConst,nPI 0.993963782696177
261 trim nConst,nPI 0.993963782696177
262 trim nConst,nPI 0.993963782696177
263 trim nConst,nPI 0.993963782696177
264 trim nConst,nPI 0.993963782696177
265 trim nConst,nPI 0.993963782696177
266 trim nConst,nPI 0.993963782696177
267 trim nConst,nPI 0.993963782696177
268 trim nConst,nPI 0.993963782696177
269 trim nConst,nPI 0.993963782696177
270 trim nConst,nPI 0.993963782696177
271 trim nConst,nPI 0.993963782696177
272 trim nConst,nPI 0.993963782696177
273 trim nConst,nPI 0.993963782696177
274 trim nConst,nPI 0.993963782696177
275 trim nConst,nPI 0.993963782696177
276 trim nConst,nPI 0.993963782696177
277 trim nConst,nPI 0.993963782696177
278 trim nConst,nPI 0.993963782696177
279 trim nConst,nPI 0.993963782696177
280 trim nConst,nPI 0.993963782696177
281 trim nConst,nPI 0.993963782696177
282 trim nConst,nPI 0.993963782696177
283 trim nConst,nPI 0.993963782696177
284 trim nConst,nPI 0.993963782696177
285 trim nConst,nPI 0.993963782696177
286 trim nConst,nPI 0.993963782696177
287 trim nConst,nPI 0.993963782696177
288 trim nConst,nPI 0.993963782696177
289 trim nConst,nPI 0.993963782696177
290 trim nConst,nPI 0.993963782696177
291 trim nConst,nPI 0.993963782696177
292 trim nConst,nPI 0.993963782696177
293 trim nConst,nPI 0.993963782696177
294 trim nConst,nPI 0.993963782696177
295 trim nConst,nPI 0.993963782696177
296 trim nConst,nPI 0.993963782696177
297 trim nConst,nPI 0.993963782696177
298 trim nConst,nPI 0.993963782696177
299 trim nConst,nPI 0.993963782696177
300 trim nConst,nPI 0.993963782696177
301 trim nConst,nPI 0.993963782696177
302 trim nConst,nPI 0.993963782696177
303 trim nConst,nPI 0.993963782696177
304 trim nConst,nPI 0.993963782696177
305 trim nConst,nPI 0.993963782696177
306 trim nConst,nPI 0.993963782696177
307 trim nConst,nPI 0.993963782696177
308 trim nConst,nPI 0.993963782696177
309 trim nConst,nPI 0.993963782696177
310 trim nConst,nPI 0.993963782696177
311 trim nConst,nPI 0.993963782696177
312 trim nConst,nPI 0.993963782696177
313 trim nConst,nPI 0.993963782696177
314 trim nConst,nPI 0.993963782696177
315 trim nConst,nPI 0.993963782696177
316 trim nConst,nPI 0.993963782696177
317 trim nConst,nPI 0.993963782696177
318 trim nConst,nPI 0.993963782696177
319 trim nConst,nPI 0.993963782696177
320 trim nConst,nPI 0.993963782696177
321 trim nConst,nPI 0.993963782696177
322 trim nConst,nPI 0.993963782696177
323 trim nConst,nPI 0.993963782696177
324 trim nConst,nPI 0.993963782696177
325 trim nConst,nPI 0.993963782696177
326 trim nConst,nPI 0.993963782696177
327 trim nConst,nPI 0.993963782696177
328 trim nConst,nPI 0.993963782696177
329 trim nConst,nPI 0.993963782696177
330 trim nConst,nPI 0.993963782696177
331 trim nConst,nPI 0.993963782696177
332 trim nConst,nPI 0.993963782696177
333 trim nConst,nPI 0.993963782696177
334 trim nConst,nPI 0.993963782696177
335 trim nConst,nPI 0.9959758551307847
336 trim nConst,nPI 0.9959758551307847
337 trim nConst,nPI 0.9959758551307847
338 trim nConst,nPI 0.9959758551307847
339 trim nConst,nPI 0.9979879275653923
340 trim nConst,nPI 0.9979879275653923
341 trim nConst,nPI 0.9979879275653923
342 trim nConst,nPI 0.9979879275653923
343 trim nConst,nPI 0.9979879275653923
344 trim nConst,nPI 0.9979879275653923
345 trim nConst,nPI 0.9979879275653923
346 trim nConst,nPI 0.9979879275653923
347 trim nConst,nPI 0.9979879275653923
348 trim nConst,nPI 0.9979879275653923
349 trim nConst,nPI 0.9979879275653923
350 trim nConst,nPI 0.9979879275653923
351 trim nConst,nPI 0.9979879275653923
352 trim nConst,nPI 0.9979879275653923
353 trim nConst,nPI 0.9979879275653923
354 trim nConst,nPI 0.9979879275653923
355 trim nConst,nPI 0.9979879275653923
356 trim nConst,nPI 0.9979879275653923
357 trim nConst,nPI 0.9979879275653923
358 trim nConst,nPI 0.9979879275653923
359 trim nConst,nPI 0.9979879275653923
360 trim nConst,nPI 0.9979879275653923
361 trim nConst,nPI 0.9979879275653923
362 trim nConst,nPI 0.9979879275653923
363 trim nConst,nPI 0.9979879275653923
364 trim nConst,nPI 0.9979879275653923
365 trim nConst,nPI 0.9979879275653923
366 trim nConst,nPI 0.9979879275653923
367 trim nConst,nPI 0.9979879275653923
368 trim nConst,nPI 0.9979879275653923
369 trim nConst,nPI 0.9979879275653923
370 trim nConst,nPI 0.9979879275653923
371 trim nConst,nPI 0.9979879275653923
372 trim nConst,nPI 0.9979879275653923
373 trim nConst,nPI 0.9979879275653923
374 trim nConst,nPI 0.9979879275653923
375 trim nConst,nPI 0.9979879275653923
376 trim nConst,nPI 0.9979879275653923
377 trim nConst,nPI 0.9979879275653923
378 trim nConst,nPI 0.9979879275653923
379 trim nConst,nPI 0.9979879275653923
380 trim nConst,nPI 0.9979879275653923
381 trim nConst,nPI 0.9979879275653923
382 trim nConst,nPI 0.9979879275653923
383 trim nConst,nPI 0.9979879275653923
384 trim nConst,nPI 0.9979879275653923
385 trim nConst,nPI 0.9979879275653923
386 trim nConst,nPI 0.9979879275653923
387 trim nConst,nPI 0.9979879275653923
388 trim nConst,nPI 0.9979879275653923
389 trim nConst,nPI 0.9979879275653923
390 trim nConst,nPI 0.9979879275653923
391 trim nConst,nPI 0.9979879275653923
392 trim nConst,nPI 0.9979879275653923
393 trim nConst,nPI 0.9979879275653923
394 trim nConst,nPI 0.9979879275653923
395 trim nConst,nPI 0.9979879275653923
396 trim nConst,nPI 0.9979879275653923
397 trim nConst,nPI 0.9979879275653923
398 trim nConst,nPI 0.9979879275653923
399 trim nConst,nPI 0.9979879275653923
400 trim nConst,nPI 0.9979879275653923
401 trim nConst,nPI 0.9979879275653923
402 trim nConst,nPI 0.9979879275653923
403 trim nConst,nPI 0.9979879275653923
404 trim nConst,nPI 0.9979879275653923
405 trim nConst,nPI 0.9979879275653923
406 trim nConst,nPI 0.9979879275653923
407 trim nConst,nPI 0.9979879275653923
408 trim nConst,nPI 0.9979879275653923
409 trim nConst,nPI 0.9979879275653923
410 trim nConst,nPI 0.9979879275653923
411 trim nConst,nPI 0.9979879275653923
412 trim nConst,nPI 0.9979879275653923
413 trim nConst,nPI 0.9979879275653923
414 trim nConst,nPI 0.9979879275653923
415 trim nConst,nPI 0.9979879275653923
416 trim nConst,nPI 0.9979879275653923
417 trim nConst,nPI 0.9979879275653923
418 trim nConst,nPI 1.0
419 trim nConst,nPI 1.0
420 keep PI 0.004024144869215292
421 keep PI 0.002012072434607646
422 keep PI 0.002012072434607646
423 keep PI 0.002012072434607646
424 keep PI 0.002012072434607646
425 keep PI 0.002012072434607646
426 keep PI 0.002012072434607646
427 keep PI 0.002012072434607646
428 keep PI 0.002012072434607646
429 keep PI 0.002012072434607646
430 keep PI 0.2052313883299799
431 trim nConst,nPI 1.0
432 trim nConst,nPI 1.0
433 trim nConst,nPI 0.9899396378269618
434 trim nConst,nPI 0.9979879275653923
435 trim nConst,nPI 0.9979879275653923
436 trim nConst,nPI 0.9979879275653923
437 trim nConst,nPI 0.9979879275653923
438 trim nConst,nPI 0.9979879275653923
439 trim nConst,nPI 0.9979879275653923
440 trim nConst,nPI 0.9979879275653923
441 trim nConst,nPI 0.9979879275653923
442 trim nConst,nPI 0.9979879275653923
443 trim nConst,nPI 1.0
444 trim nConst,nPI 1.0
445 keep PI 0.004024144869215292
446 keep PI 0.002012072434607646
447 keep PI 0.002012072434607646
448 keep PI 0.002012072434607646
449 keep PI 0.002012072434607646
450 keep PI 0.002012072434607646
451 keep PI 0.002012072434607646
452 keep PI 0.006036217303822937
453 keep PI 0.01609657947686117
454 trim nConst,nPI 1.0
455 trim nConst,nPI 1.0
456 keep PI 0.026156941649899398
457 keep PI 0.12474849094567404
458 keep PI 0.45271629778672035
459 keep PI 0.6639839034205232
460 keep PI 0.8048289738430584
461 keep PI 0.8370221327967807
462 keep PI 0.8772635814889336
463 keep PI 0.8893360160965795
464 keep PI 0.903420523138833
465 keep PI 0.9094567404426559
466 keep PI 0.9154929577464789
467 keep PI 0.9255533199195171
468 keep PI 0.9356136820925554
469 keep PI 0.937625754527163
470 keep PI 0.9416498993963782
471 keep PI 0.9436619718309859
472 keep PI 0.9456740442655935
473 keep PI 0.9496981891348089
474 trim PI 0.9698189134808853
475 trim PI 0.971830985915493
476 trim PI 0.971830985915493
477 trim PI 0.9738430583501007
478 trim PI 0.9738430583501007
479 trim PI 0.9738430583501007
480 trim PI 0.9738430583501007
481 trim PI 0.9738430583501007
482 trim PI 0.9778672032193159
483 trim PI 0.9798792756539235
484 trim PI 0.9798792756539235
485 trim PI 0.9798792756539235
486 trim PI 0.9798792756539235
487 trim PI 0.9798792756539235
488 trim PI 0.9798792756539235
489 trim PI 0.9798792756539235
490 trim PI 0.9798792756539235
491 trim nConst,nPI 0.9798792756539235
492 trim nConst,nPI 0.9798792756539235
493 trim PI 0.9798792756539235
494 trim nConst,nPI 0.9798792756539235
495 trim nConst,nPI 0.9798792756539235
496 trim PI 0.9798792756539235
497 trim PI 0.9798792756539235
498 trim PI 0.9798792756539235
499 trim PI 0.9798792756539235
500 trim PI 0.9798792756539235
501 trim PI 0.9798792756539235
502 trim nConst,nPI 0.9798792756539235
503 trim PI 0.9798792756539235
504 trim PI 0.9798792756539235
505 trim PI 0.9798792756539235
506 trim PI 0.9798792756539235
507 trim nConst,nPI 0.9798792756539235
508 trim nConst,nPI 0.9798792756539235
509 trim PI 0.9798792756539235
510 trim PI 0.9798792756539235
511 trim PI 0.9798792756539235
512 trim PI 0.9798792756539235
513 trim PI 0.9798792756539235
514 trim nConst,nPI 0.9798792756539235
515 trim nConst,nPI 0.9798792756539235
516 trim PI 0.9798792756539235
517 trim PI 0.9798792756539235
518 trim PI 0.9798792756539235
519 trim PI 0.9798792756539235
520 trim PI 0.9798792756539235
521 trim PI 0.9798792756539235
522 trim nConst,nPI 0.9818913480885312
523 trim PI 0.9818913480885312
524 trim nConst,nPI 0.9839034205231388
525 trim PI 0.9859154929577465
526 trim PI 0.9859154929577465
527 trim nConst,nPI 0.9879275653923542
528 trim nConst,nPI 0.9879275653923542
529 trim PI 0.9879275653923542
530 trim nConst,nPI 0.9879275653923542
531 trim nConst,nPI 0.9879275653923542
532 trim nConst,nPI 0.9899396378269618
533 trim nConst,nPI 0.9899396378269618
534 trim nConst,nPI 0.9919517102615694
535 trim nConst,nPI 0.9919517102615694
536 trim nConst,nPI 0.9919517102615694
537 trim nConst,nPI 0.9919517102615694
538 trim nConst,nPI 0.9919517102615694
539 trim nConst,nPI 0.9919517102615694
540 trim nConst,nPI 0.9919517102615694
541 trim nConst,nPI 0.9919517102615694
542 trim nConst,nPI 0.9919517102615694
543 trim nConst,nPI 0.9919517102615694
544 trim nConst,nPI 0.9919517102615694
545 trim nConst,nPI 0.9919517102615694
546 trim nConst,nPI 0.9919517102615694
547 trim nConst,nPI 0.9919517102615694
548 trim nConst,nPI 0.9919517102615694
549 trim nConst,nPI 0.9919517102615694
550 trim nConst,nPI 0.9919517102615694
551 trim nConst,nPI 0.9919517102615694
552 trim nConst,nPI 0.9919517102615694
553 trim nConst,nPI 0.9919517102615694
554 trim nConst,nPI 0.9919517102615694
555 trim nConst,nPI 0.9919517102615694
556 trim nConst,nPI 0.993963782696177
557 trim nConst,nPI 0.9959758551307847
558 trim nConst,nPI 0.9959758551307847
559 trim nConst,nPI 0.9959758551307847
560 trim nConst,nPI 0.9959758551307847
561 trim nConst,nPI 0.9959758551307847
562 trim nConst,nPI 0.9959758551307847
563 trim nConst,nPI 0.9959758551307847
564 trim Const 0.9959758551307847
565 trim nConst,nPI 0.9959758551307847
566 trim nConst,nPI 0.9959758551307847
567 trim nConst,nPI 0.9959758551307847
568 trim nConst,nPI 0.9959758551307847
569 trim nConst,nPI 0.9959758551307847
570 trim nConst,nPI 0.9959758551307847
571 trim nConst,nPI 0.9959758551307847
572 trim nConst,nPI 0.9959758551307847
573 trim nConst,nPI 0.9959758551307847
574 trim nConst,nPI 0.9959758551307847
575 trim nConst,nPI 0.9959758551307847
576 trim nConst,nPI 0.9959758551307847
577 trim nConst,nPI 0.9959758551307847
578 trim nConst,nPI 0.9959758551307847
579 trim Const 0.9959758551307847
580 trim nConst,nPI 0.9959758551307847
581 trim nConst,nPI 0.9959758551307847
582 trim nConst,nPI 0.9959758551307847
583 trim nConst,nPI 0.9959758551307847
584 trim nConst,nPI 0.9959758551307847
585 trim nConst,nPI 0.9959758551307847
586 trim nConst,nPI 0.9959758551307847
587 trim nConst,nPI 0.9959758551307847
588 trim nConst,nPI 0.9959758551307847
589 trim nConst,nPI 0.9959758551307847
590 trim nConst,nPI 0.9959758551307847
591 trim nConst,nPI 0.9959758551307847
592 trim nConst,nPI 0.9959758551307847
593 trim nConst,nPI 0.9959758551307847
594 trim nConst,nPI 0.9959758551307847
595 trim nConst,nPI 0.9959758551307847
596 trim nConst,nPI 0.9959758551307847
597 trim nConst,nPI 0.9959758551307847
598 trim nConst,nPI 0.9959758551307847
599 trim nConst,nPI 0.9959758551307847
600 trim nConst,nPI 0.9959758551307847
601 trim nConst,nPI 0.9959758551307847
602 trim nConst,nPI 0.9959758551307847
603 trim Const 0.9959758551307847
604 trim Const 0.9959758551307847
605 trim nConst,nPI 0.9959758551307847
606 trim nConst,nPI 0.9959758551307847
607 trim nConst,nPI 0.9979879275653923
608 trim nConst,nPI 0.9979879275653923
609 trim nConst,nPI 0.9979879275653923
610 trim nConst,nPI 0.9979879275653923
611 trim nConst,nPI 0.9979879275653923
612 trim nConst,nPI 0.9979879275653923
613 trim nConst,nPI 0.9979879275653923
614 trim nConst,nPI 0.9979879275653923
615 trim nConst,nPI 0.9979879275653923
616 trim nConst,nPI 0.9979879275653923
617 trim nConst,nPI 0.9979879275653923
618 trim nConst,nPI 0.9979879275653923
619 trim nConst,nPI 0.9979879275653923
620 trim nConst,nPI 0.9979879275653923
621 trim nConst,nPI 0.9979879275653923
622 trim nConst,nPI 0.9979879275653923
623 trim nConst,nPI 0.9979879275653923
624 trim nConst,nPI 0.9979879275653923
625 trim nConst,nPI 0.9979879275653923
626 trim nConst,nPI 0.9979879275653923
627 trim nConst,nPI 0.9979879275653923
628 trim nConst,nPI 0.9979879275653923
629 trim nConst,nPI 0.9979879275653923
630 trim nConst,nPI 0.9979879275653923
631 trim nConst,nPI 0.9979879275653923
632 trim nConst,nPI 0.9979879275653923
633 trim nConst,nPI 0.9979879275653923
634 trim nConst,nPI 0.9979879275653923
635 trim nConst,nPI 0.9979879275653923
636 trim nConst,nPI 0.9979879275653923
637 trim nConst,nPI 0.9979879275653923
638 trim nConst,nPI 0.9979879275653923
639 trim nConst,nPI 0.9979879275653923
640 trim nConst,nPI 0.9979879275653923
641 trim nConst,nPI 0.9979879275653923
642 trim nConst,nPI 0.9979879275653923
643 trim nConst,nPI 0.9979879275653923
644 trim nConst,nPI 0.9979879275653923
645 trim nConst,nPI 0.9979879275653923
646 trim nConst,nPI 0.9979879275653923
647 trim nConst,nPI 0.9979879275653923
648 trim nConst,nPI 0.9979879275653923
649 trim nConst,nPI 0.9979879275653923
650 trim nConst,nPI 0.9979879275653923
651 trim nConst,nPI 0.9979879275653923
652 trim nConst,nPI 0.9979879275653923
653 trim nConst,nPI 0.9979879275653923
654 trim nConst,nPI 0.9979879275653923
655 trim nConst,nPI 0.9979879275653923
656 trim nConst,nPI 0.9979879275653923
657 trim nConst,nPI 0.9979879275653923
658 trim nConst,nPI 0.9979879275653923
659 trim nConst,nPI 0.9979879275653923
660 trim nConst,nPI 0.9979879275653923
661 trim nConst,nPI 0.9979879275653923
662 trim nConst,nPI 0.9979879275653923
663 trim nConst,nPI 0.9979879275653923
664 trim nConst,nPI 0.9979879275653923
665 trim nConst,nPI 0.9979879275653923
666 trim nConst,nPI 0.9979879275653923
667 trim nConst,nPI 0.9979879275653923
668 trim nConst,nPI 0.9979879275653923
669 trim nConst,nPI 0.9979879275653923
670 trim nConst,nPI 0.9979879275653923
671 trim nConst,nPI 0.9979879275653923
672 trim nConst,nPI 0.9979879275653923
673 trim nConst,nPI 0.9979879275653923
674 trim nConst,nPI 0.9979879275653923
675 trim nConst,nPI 0.9979879275653923
676 trim nConst,nPI 0.9979879275653923
677 trim nConst,nPI 0.9979879275653923
678 trim nConst,nPI 0.9979879275653923
679 trim nConst,nPI 0.9979879275653923
680 trim nConst,nPI 0.9979879275653923
681 trim nConst,nPI 0.9979879275653923
682 trim nConst,nPI 0.9979879275653923
683 trim nConst,nPI 0.9979879275653923
684 trim nConst,nPI 0.9979879275653923
685 trim nConst,nPI 0.9979879275653923
686 trim nConst,nPI 0.9979879275653923
687 trim nConst,nPI 0.9979879275653923
688 trim nConst,nPI 0.9979879275653923
689 trim nConst,nPI 0.9979879275653923
690 trim nConst,nPI 0.9979879275653923
691 trim nConst,nPI 0.9979879275653923
692 trim nConst,nPI 0.9979879275653923
693 trim nConst,nPI 0.9979879275653923
694 trim nConst,nPI 0.9979879275653923
695 trim nConst,nPI 0.9979879275653923
696 trim nConst,nPI 0.9979879275653923
697 trim nConst,nPI 0.9979879275653923
698 trim nConst,nPI 0.9979879275653923
699 trim nConst,nPI 0.9979879275653923
700 trim nConst,nPI 0.9979879275653923
701 trim nConst,nPI 0.9979879275653923
702 trim nConst,nPI 0.9979879275653923
703 trim nConst,nPI 0.9979879275653923
704 trim nConst,nPI 0.9979879275653923
705 trim nConst,nPI 0.9979879275653923
706 trim nConst,nPI 0.9979879275653923
707 trim nConst,nPI 0.9979879275653923
708 trim nConst,nPI 0.9979879275653923
709 trim nConst,nPI 0.9979879275653923
710 trim nConst,nPI 0.9979879275653923
711 trim nConst,nPI 0.9979879275653923
712 trim nConst,nPI 0.9979879275653923
713 trim nConst,nPI 0.9979879275653923
714 trim nConst,nPI 0.9979879275653923
715 trim nConst,nPI 0.9979879275653923
716 trim nConst,nPI 0.9979879275653923
717 trim nConst,nPI 0.9979879275653923
718 trim nConst,nPI 0.9979879275653923
719 trim nConst,nPI 0.9979879275653923
720 trim nConst,nPI 0.9979879275653923
721 trim nConst,nPI 0.9979879275653923
722 trim nConst,nPI 0.9979879275653923
723 trim nConst,nPI 0.9979879275653923
724 trim nConst,nPI 0.9979879275653923
725 trim nConst,nPI 0.9979879275653923
726 trim nConst,nPI 0.9979879275653923
727 trim nConst,nPI 0.9979879275653923
728 trim nConst,nPI 0.9979879275653923
729 trim nConst,nPI 0.9979879275653923
730 trim nConst,nPI 0.9979879275653923
731 trim nConst,nPI 0.9979879275653923
732 trim nConst,nPI 0.9979879275653923
733 trim nConst,nPI 0.9979879275653923
734 trim nConst,nPI 0.9979879275653923
735 trim nConst,nPI 0.9979879275653923
736 trim nConst,nPI 0.9979879275653923
737 trim nConst,nPI 0.9979879275653923
738 trim nConst,nPI 0.9979879275653923
739 trim nConst,nPI 0.9979879275653923
740 trim nConst,nPI 0.9979879275653923
741 trim nConst,nPI 0.9979879275653923
742 trim nConst,nPI 0.9979879275653923
743 trim nConst,nPI 0.9979879275653923
744 trim nConst,nPI 0.9979879275653923
745 trim nConst,nPI 0.9979879275653923
746 trim nConst,nPI 0.9979879275653923
747 trim nConst,nPI 0.9979879275653923
748 trim nConst,nPI 0.9979879275653923
749 trim nConst,nPI 0.9979879275653923
750 trim nConst,nPI 0.9979879275653923
751 trim nConst,nPI 0.9979879275653923
752 trim nConst,nPI 0.9979879275653923
753 trim nConst,nPI 0.9979879275653923
754 trim nConst,nPI 0.9979879275653923
755 trim nConst,nPI 0.9979879275653923
756 trim nConst,nPI 0.9979879275653923
757 trim nConst,nPI 0.9979879275653923
758 trim nConst,nPI 0.9979879275653923
759 trim nConst,nPI 0.9979879275653923
760 trim nConst,nPI 0.9979879275653923
761 trim nConst,nPI 0.9979879275653923
762 trim nConst,nPI 0.9979879275653923
763 trim nConst,nPI 0.9979879275653923
764 trim nConst,nPI 0.9979879275653923
765 trim nConst,nPI 0.9979879275653923
766 trim nConst,nPI 0.9979879275653923
767 trim nConst,nPI 0.9979879275653923
768 trim nConst,nPI 0.9979879275653923
769 trim nConst,nPI 0.9979879275653923
770 trim nConst,nPI 0.9979879275653923
771 trim nConst,nPI 0.9979879275653923
772 trim nConst,nPI 0.9979879275653923
773 trim nConst,nPI 0.9979879275653923
774 trim nConst,nPI 0.9979879275653923
775 trim nConst,nPI 0.9979879275653923
776 trim nConst,nPI 0.9979879275653923
777 trim nConst,nPI 0.9979879275653923
778 trim nConst,nPI 0.9979879275653923
779 trim nConst,nPI 0.9979879275653923
780 trim nConst,nPI 0.9979879275653923
781 trim nConst,nPI 0.9979879275653923
782 trim nConst,nPI 0.9979879275653923
783 trim nConst,nPI 0.9979879275653923
784 trim nConst,nPI 0.9979879275653923
785 trim nConst,nPI 0.9979879275653923
786 trim nConst,nPI 0.9979879275653923
787 trim nConst,nPI 0.9979879275653923
788 trim nConst,nPI 0.9979879275653923
789 trim nConst,nPI 0.9979879275653923
790 trim nConst,nPI 0.9979879275653923
791 trim nConst,nPI 0.9979879275653923
792 trim nConst,nPI 0.9979879275653923
793 trim nConst,nPI 0.9979879275653923
794 trim nConst,nPI 0.9979879275653923
795 trim nConst,nPI 0.9979879275653923
796 trim nConst,nPI 0.9979879275653923
797 trim nConst,nPI 0.9979879275653923
798 trim nConst,nPI 0.9979879275653923
799 trim nConst,nPI 0.9979879275653923
800 trim nConst,nPI 0.9979879275653923
801 trim nConst,nPI 0.9979879275653923
802 trim nConst,nPI 0.9979879275653923
803 trim nConst,nPI 0.9979879275653923
804 trim nConst,nPI 0.9979879275653923
805 trim nConst,nPI 0.9979879275653923
806 trim nConst,nPI 0.9979879275653923
807 trim nConst,nPI 0.9979879275653923
808 trim nConst,nPI 0.9979879275653923
809 trim nConst,nPI 0.9979879275653923
810 trim nConst,nPI 0.9979879275653923
811 trim nConst,nPI 0.9979879275653923
812 trim nConst,nPI 0.9979879275653923
813 trim nConst,nPI 0.9979879275653923
814 trim nConst,nPI 0.9979879275653923
815 trim nConst,nPI 0.9979879275653923
816 trim nConst,nPI 0.9979879275653923
817 trim nConst,nPI 0.9979879275653923
818 trim nConst,nPI 0.9979879275653923
819 trim nConst,nPI 0.9979879275653923
820 trim nConst,nPI 0.9979879275653923
821 trim nConst,nPI 0.9979879275653923
822 trim nConst,nPI 0.9979879275653923
823 trim nConst,nPI 0.9979879275653923
824 trim nConst,nPI 0.9979879275653923
825 trim nConst,nPI 0.9979879275653923
826 trim nConst,nPI 0.9979879275653923
827 trim nConst,nPI 0.9979879275653923
828 trim nConst,nPI 0.9979879275653923
829 trim nConst,nPI 0.9979879275653923
830 trim nConst,nPI 0.9979879275653923
831 trim nConst,nPI 0.9979879275653923
832 trim nConst,nPI 0.9979879275653923
833 trim nConst,nPI 0.9979879275653923
834 trim nConst,nPI 0.9979879275653923
835 trim nConst,nPI 0.9979879275653923
836 trim nConst,nPI 0.9979879275653923
837 trim nConst,nPI 0.9979879275653923
838 trim nConst,nPI 0.9979879275653923
839 trim nConst,nPI 0.9979879275653923
840 trim nConst,nPI 0.9979879275653923
841 trim nConst,nPI 0.9979879275653923
842 trim nConst,nPI 0.9979879275653923
843 trim nConst,nPI 0.9979879275653923
844 trim nConst,nPI 0.9979879275653923
845 trim nConst,nPI 0.9979879275653923
846 trim nConst,nPI 0.9979879275653923
847 trim nConst,nPI 0.9979879275653923
848 trim nConst,nPI 0.9979879275653923
849 trim nConst,nPI 0.9979879275653923
850 trim nConst,nPI 0.9979879275653923
851 trim nConst,nPI 0.9979879275653923
852 trim nConst,nPI 0.9979879275653923
853 trim nConst,nPI 0.9979879275653923
854 trim nConst,nPI 0.9979879275653923
855 trim nConst,nPI 0.9979879275653923
856 trim nConst,nPI 0.9979879275653923
857 trim nConst,nPI 0.9979879275653923
858 trim nConst,nPI 0.9979879275653923
859 trim nConst,nPI 0.9979879275653923
860 trim nConst,nPI 0.9979879275653923
861 trim nConst,nPI 0.9979879275653923
862 trim nConst,nPI 0.9979879275653923
863 trim nConst,nPI 0.9979879275653923
864 trim nConst,nPI 0.9979879275653923
865 trim nConst,nPI 0.9979879275653923
866 trim nConst,nPI 0.9979879275653923
867 trim nConst,nPI 0.9979879275653923
868 trim nConst,nPI 0.9979879275653923
869 trim nConst,nPI 0.9979879275653923
870 trim nConst,nPI 0.9979879275653923
871 trim nConst,nPI 0.9979879275653923
872 trim nConst,nPI 0.9979879275653923
873 trim nConst,nPI 0.9979879275653923
874 trim nConst,nPI 0.9979879275653923
875 trim nConst,nPI 0.9979879275653923
876 trim nConst,nPI 0.9979879275653923
877 trim nConst,nPI 0.9979879275653923
878 trim nConst,nPI 0.9979879275653923
879 trim nConst,nPI 0.9979879275653923
880 trim nConst,nPI 0.9979879275653923
881 trim nConst,nPI 0.9979879275653923
882 trim nConst,nPI 0.9979879275653923
883 trim nConst,nPI 0.9979879275653923
884 trim nConst,nPI 0.9979879275653923
885 trim nConst,nPI 0.9979879275653923
886 trim nConst,nPI 0.9979879275653923
887 trim nConst,nPI 0.9979879275653923
888 trim nConst,nPI 0.9979879275653923
889 trim nConst,nPI 0.9979879275653923
890 trim nConst,nPI 0.9979879275653923
891 trim nConst,nPI 0.9979879275653923
892 trim nConst,nPI 0.9979879275653923
893 trim nConst,nPI 0.9979879275653923
894 trim nConst,nPI 0.9979879275653923
895 trim nConst,nPI 0.9979879275653923
896 trim nConst,nPI 0.9979879275653923
897 trim nConst,nPI 0.9979879275653923
898 trim nConst,nPI 0.9979879275653923
899 trim nConst,nPI 0.9979879275653923
900 trim nConst,nPI 0.9979879275653923
901 trim nConst,nPI 0.9979879275653923
902 trim nConst,nPI 0.9979879275653923
903 trim nConst,nPI 0.9979879275653923
904 trim nConst,nPI 0.9979879275653923
905 trim nConst,nPI 0.9979879275653923
906 trim nConst,nPI 0.9979879275653923
907 trim nConst,nPI 0.9979879275653923
908 trim nConst,nPI 0.9979879275653923
909 trim nConst,nPI 0.9979879275653923
910 trim nConst,nPI 0.9979879275653923
911 trim nConst,nPI 0.9979879275653923
912 trim nConst,nPI 0.9979879275653923
913 trim nConst,nPI 0.9979879275653923
914 trim nConst,nPI 0.9979879275653923
915 trim nConst,nPI 0.9979879275653923
916 trim nConst,nPI 0.9979879275653923
917 trim nConst,nPI 0.9979879275653923
918 trim nConst,nPI 0.9979879275653923
919 trim nConst,nPI 0.9979879275653923
920 trim nConst,nPI 0.9979879275653923
921 trim nConst,nPI 0.9979879275653923
922 trim nConst,nPI 0.9979879275653923
923 trim nConst,nPI 0.9979879275653923
924 trim nConst,nPI 0.9979879275653923
925 trim nConst,nPI 0.9979879275653923
926 trim nConst,nPI 0.9979879275653923
927 trim nConst,nPI 0.9979879275653923
928 trim nConst,nPI 0.9979879275653923
929 trim nConst,nPI 0.9979879275653923
930 trim nConst,nPI 0.9979879275653923
931 trim nConst,nPI 0.9979879275653923
932 trim nConst,nPI 0.9979879275653923
933 trim nConst,nPI 0.9979879275653923
934 trim nConst,nPI 0.9979879275653923
935 trim nConst,nPI 0.9979879275653923
936 trim nConst,nPI 0.9979879275653923
937 trim nConst,nPI 1.0
938 trim nConst,nPI 1.0
939 keep PI 0.01006036217303823
940 keep PI 0.01006036217303823
941 keep PI 0.004024144869215292
942 keep PI 0.004024144869215292
943 keep PI 0.004024144869215292
944 keep PI 0.002012072434607646
945 keep PI 0.002012072434607646
946 keep PI 0.002012072434607646
947 keep PI 0.002012072434607646
948 keep PI 0.002012072434607646
949 keep PI 0.002012072434607646
950 keep PI 0.002012072434607646
951 keep PI 0.002012072434607646
952 keep PI 0.002012072434607646
953 keep PI 0.002012072434607646
954 keep PI 0.002012072434607646
955 keep PI 0.002012072434607646
956 keep PI 0.002012072434607646
957 keep PI 0.002012072434607646
958 keep PI 0.002012072434607646
959 keep PI 0.002012072434607646
960 keep PI 0.002012072434607646
961 keep PI 0.002012072434607646
962 keep PI 0.002012072434607646
963 trim nConst,nPI 1.0
964 trim nConst,nPI 1.0
965 keep PI 0.8712273641851107
966 keep PI 0.9134808853118712
967 trim PI 0.9577464788732394
968 trim PI 0.971830985915493
969 trim PI 0.971830985915493
970 trim nConst,nPI 0.9738430583501007
971 trim PI 0.9738430583501007
972 trim PI 0.9738430583501007
973 trim PI 0.9879275653923542
974 trim nConst,nPI 0.993963782696177
975 trim nConst,nPI 0.993963782696177
976 trim nConst,nPI 0.9979879275653923
977 trim nConst,nPI 0.9979879275653923
978 trim nConst,nPI 0.9979879275653923
979 trim nConst,nPI 0.9979879275653923
980 trim nConst,nPI 0.9979879275653923
981 trim nConst,nPI 0.9979879275653923
982 trim nConst,nPI 0.9979879275653923
983 trim nConst,nPI 0.9979879275653923
984 trim nConst,nPI 0.9979879275653923
985 trim nConst,nPI 0.9979879275653923
986 trim nConst,nPI 0.9979879275653923
987 trim nConst,nPI 0.9979879275653923
988 trim nConst,nPI 0.9959758551307847
989 trim nConst,nPI 0.9979879275653923
990 trim nConst,nPI 0.9979879275653923
991 trim nConst,nPI 0.9979879275653923
992 trim nConst,nPI 0.9979879275653923
993 trim nConst,nPI 0.9979879275653923
994 trim nConst,nPI 0.9979879275653923
995 trim nConst,nPI 0.9979879275653923
996 trim nConst,nPI 0.9979879275653923
997 trim nConst,nPI 0.9979879275653923
998 trim nConst,nPI 0.9979879275653923
999 trim nConst,nPI 0.9979879275653923
1000 trim nConst,nPI 0.9979879275653923
1001 trim nConst,nPI 0.9979879275653923
1002 trim nConst,nPI 0.9979879275653923
1003 trim nConst,nPI 0.9979879275653923
1004 trim nConst,nPI 0.9979879275653923
1005 trim nConst,nPI 0.9979879275653923
1006 trim nConst,nPI 1.0
1007 trim nConst,nPI 1.0
1008 keep PI 0.004024144869215292
1009 keep PI 0.002012072434607646
1010 keep PI 0.002012072434607646
1011 keep PI 0.002012072434607646
1012 keep PI 0.002012072434607646
1013 keep PI 0.002012072434607646
1014 keep PI 0.002012072434607646
1015 trim nConst,nPI 0.9979879275653923
1016 trim nConst,nPI 0.9979879275653923
1017 trim nConst,nPI 0.9979879275653923
1018 trim nConst,nPI 0.9979879275653923
1019 trim nConst,nPI 0.9979879275653923
1020 keep PI 0.002012072434607646
1021 keep PI 0.002012072434607646
1022 keep PI 0.002012072434607646
1023 keep PI 0.002012072434607646
1024 keep PI 0.002012072434607646
1025 keep PI 0.002012072434607646
1026 keep PI 0.002012072434607646
1027 keep PI 0.002012072434607646
1028 keep PI 0.02012072434607646
1029 trim nConst,nPI 1.0
1030 trim nConst,nPI 1.0
1031 keep PI 0.6921529175050302
1032 keep PI 0.7525150905432596
1033 keep PI 0.7967806841046278
1034 keep PI 0.8812877263581489
1035 keep PI 0.9255533199195171
1036 keep PI 0.9416498993963782
1037 keep PI 0.9436619718309859
1038 keep PI 0.9476861167002012
1039 trim PI 0.9617706237424547
1040 trim PI 0.971830985915493
1041 trim PI 0.971830985915493
1042 trim PI 0.9758551307847082
1043 trim PI 0.9758551307847082
1044 trim PI 0.9758551307847082
1045 trim PI 0.9758551307847082
1046 trim PI 0.9758551307847082
1047 trim PI 0.9758551307847082
1048 trim PI 0.9758551307847082
1049 trim PI 0.9758551307847082
1050 trim nConst,nPI 0.9859154929577465
1051 trim nConst,nPI 0.9879275653923542
1052 trim nConst,nPI 0.9899396378269618
1053 trim PI 0.9899396378269618
1054 trim nConst,nPI 0.9919517102615694
1055 trim nConst,nPI 0.9919517102615694
1056 trim nConst,nPI 0.9919517102615694
1057 trim nConst,nPI 0.9919517102615694
1058 trim nConst,nPI 0.9919517102615694
1059 trim nConst,nPI 0.9919517102615694
1060 trim nConst,nPI 0.9919517102615694
1061 trim nConst,nPI 0.9919517102615694
1062 trim Const 0.9919517102615694
1063 trim nConst,nPI 0.9919517102615694
1064 trim nConst,nPI 0.9919517102615694
1065 trim nConst,nPI 0.9919517102615694
1066 trim nConst,nPI 0.9919517102615694
1067 trim nConst,nPI 0.9919517102615694
1068 trim nConst,nPI 0.9919517102615694
1069 trim nConst,nPI 0.9919517102615694
1070 trim nConst,nPI 0.9919517102615694
1071 trim nConst,nPI 0.9919517102615694
1072 trim nConst,nPI 0.9919517102615694
1073 trim nConst,nPI 0.9919517102615694
1074 trim nConst,nPI 0.9919517102615694
1075 trim nConst,nPI 0.9919517102615694
1076 trim nConst,nPI 0.9919517102615694
1077 trim nConst,nPI 0.9919517102615694
1078 trim nConst,nPI 0.9919517102615694
1079 trim nConst,nPI 0.9919517102615694
1080 trim PI 0.9919517102615694
1081 trim nConst,nPI 0.9919517102615694
1082 trim PI 0.9919517102615694
1083 trim nConst,nPI 0.9919517102615694
1084 trim nConst,nPI 0.993963782696177
1085 trim Const 0.993963782696177
1086 trim nConst,nPI 0.993963782696177
1087 trim nConst,nPI 0.993963782696177
1088 trim nConst,nPI 0.993963782696177
1089 trim Const 0.993963782696177
1090 trim nConst,nPI 0.993963782696177
1091 trim nConst,nPI 0.993963782696177
1092 trim nConst,nPI 0.993963782696177
1093 trim nConst,nPI 0.993963782696177
1094 trim nConst,nPI 0.993963782696177
1095 trim nConst,nPI 0.993963782696177
1096 trim nConst,nPI 0.993963782696177
1097 trim nConst,nPI 0.993963782696177
1098 trim nConst,nPI 0.993963782696177
1099 trim nConst,nPI 0.993963782696177
1100 trim nConst,nPI 0.993963782696177
1101 trim nConst,nPI 0.993963782696177
1102 trim nConst,nPI 0.993963782696177
1103 trim nConst,nPI 0.993963782696177
1104 trim nConst,nPI 0.993963782696177
1105 trim nConst,nPI 0.993963782696177
1106 trim nConst,nPI 0.993963782696177
1107 trim nConst,nPI 0.993963782696177
1108 trim nConst,nPI 0.993963782696177
1109 trim nConst,nPI 0.993963782696177
1110 trim nConst,nPI 0.993963782696177
1111 trim nConst,nPI 0.993963782696177
1112 trim nConst,nPI 0.993963782696177
1113 trim nConst,nPI 0.993963782696177
1114 trim nConst,nPI 0.993963782696177
1115 trim nConst,nPI 0.993963782696177
1116 trim nConst,nPI 0.993963782696177
1117 trim nConst,nPI 0.993963782696177
1118 trim nConst,nPI 0.993963782696177
1119 trim nConst,nPI 0.993963782696177
1120 trim nConst,nPI 0.993963782696177
1121 trim nConst,nPI 0.993963782696177
1122 trim nConst,nPI 0.993963782696177
1123 trim nConst,nPI 0.993963782696177
1124 trim nConst,nPI 0.993963782696177
1125 trim nConst,nPI 0.993963782696177
1126 trim nConst,nPI 0.993963782696177
1127 trim nConst,nPI 0.993963782696177
1128 trim nConst,nPI 0.993963782696177
1129 trim nConst,nPI 0.993963782696177
1130 trim nConst,nPI 0.993963782696177
1131 trim nConst,nPI 0.993963782696177
1132 trim nConst,nPI 0.993963782696177
1133 trim nConst,nPI 0.993963782696177
1134 trim nConst,nPI 0.993963782696177
1135 trim nConst,nPI 0.993963782696177
1136 trim nConst,nPI 0.993963782696177
1137 trim nConst,nPI 0.993963782696177
1138 trim nConst,nPI 0.993963782696177
1139 trim nConst,nPI 0.993963782696177
1140 trim nConst,nPI 0.993963782696177
1141 trim nConst,nPI 0.993963782696177
1142 trim nConst,nPI 0.993963782696177
1143 trim nConst,nPI 0.993963782696177
1144 trim nConst,nPI 0.993963782696177
1145 trim nConst,nPI 0.993963782696177
1146 trim nConst,nPI 0.993963782696177
1147 trim nConst,nPI 0.993963782696177
1148 trim nConst,nPI 0.993963782696177
1149 trim nConst,nPI 0.993963782696177
1150 trim nConst,nPI 0.993963782696177
1151 trim nConst,nPI 0.993963782696177
1152 trim nConst,nPI 0.993963782696177
1153 trim nConst,nPI 0.993963782696177
1154 trim nConst,nPI 0.993963782696177
1155 trim nConst,nPI 0.993963782696177
1156 trim nConst,nPI 0.993963782696177
1157 trim nConst,nPI 0.993963782696177
1158 trim nConst,nPI 0.993963782696177
1159 trim nConst,nPI 0.993963782696177
1160 trim nConst,nPI 0.993963782696177
1161 trim nConst,nPI 0.993963782696177
1162 trim nConst,nPI 0.993963782696177
1163 trim nConst,nPI 0.993963782696177
1164 trim nConst,nPI 0.993963782696177
1165 trim nConst,nPI 0.993963782696177
1166 trim nConst,nPI 0.993963782696177
1167 trim nConst,nPI 0.993963782696177
1168 trim nConst,nPI 0.993963782696177
1169 trim nConst,nPI 0.993963782696177
1170 trim nConst,nPI 0.993963782696177
1171 trim nConst,nPI 0.993963782696177
1172 trim nConst,nPI 0.993963782696177
1173 trim nConst,nPI 0.993963782696177
1174 trim nConst,nPI 0.993963782696177
1175 trim nConst,nPI 0.993963782696177
1176 trim nConst,nPI 0.993963782696177
1177 trim nConst,nPI 0.993963782696177
1178 trim nConst,nPI 0.993963782696177
1179 trim nConst,nPI 0.993963782696177
1180 trim nConst,nPI 0.993963782696177
1181 trim nConst,nPI 0.993963782696177
1182 trim nConst,nPI 0.993963782696177
1183 trim nConst,nPI 0.993963782696177
1184 trim nConst,nPI 0.993963782696177
1185 trim nConst,nPI 0.993963782696177
1186 trim nConst,nPI 0.993963782696177
1187 trim nConst,nPI 0.993963782696177
1188 trim nConst,nPI 0.993963782696177
1189 trim nConst,nPI 0.993963782696177
1190 trim nConst,nPI 0.993963782696177
1191 trim nConst,nPI 0.993963782696177
1192 trim nConst,nPI 0.993963782696177
1193 trim nConst,nPI 0.993963782696177
1194 trim nConst,nPI 0.993963782696177
1195 trim nConst,nPI 0.993963782696177
1196 trim nConst,nPI 0.993963782696177
1197 trim nConst,nPI 0.993963782696177
1198 trim nConst,nPI 0.993963782696177
1199 trim nConst,nPI 0.993963782696177
1200 trim nConst,nPI 0.993963782696177
1201 trim nConst,nPI 0.993963782696177
1202 trim nConst,nPI 0.993963782696177
1203 trim nConst,nPI 0.993963782696177
1204 trim nConst,nPI 0.993963782696177
1205 trim nConst,nPI 0.993963782696177
1206 trim nConst,nPI 0.993963782696177
1207 trim nConst,nPI 0.993963782696177
1208 trim nConst,nPI 0.993963782696177
1209 trim nConst,nPI 0.993963782696177
1210 trim nConst,nPI 0.9959758551307847
1211 trim nConst,nPI 0.9959758551307847
1212 trim nConst,nPI 0.9959758551307847
1213 trim nConst,nPI 0.9959758551307847
1214 trim nConst,nPI 0.9959758551307847
1215 trim nConst,nPI 0.9959758551307847
1216 trim nConst,nPI 0.9959758551307847
1217 trim nConst,nPI 0.9959758551307847
1218 trim nConst,nPI 0.9959758551307847
1219 trim nConst,nPI 0.9959758551307847
1220 trim nConst,nPI 0.9959758551307847
1221 trim nConst,nPI 0.9959758551307847
1222 trim nConst,nPI 0.9959758551307847
1223 trim nConst,nPI 0.9959758551307847
1224 trim nConst,nPI 0.9959758551307847
1225 trim nConst,nPI 0.9959758551307847
1226 trim nConst,nPI 0.9959758551307847
1227 trim nConst,nPI 0.9959758551307847
1228 trim nConst,nPI 0.9959758551307847
1229 trim Const 0.9959758551307847
1230 trim Const 0.9959758551307847
1231 trim nConst,nPI 0.9959758551307847
1232 trim nConst,nPI 0.9959758551307847
1233 trim nConst,nPI 0.9959758551307847
1234 trim nConst,nPI 0.9959758551307847
1235 trim nConst,nPI 0.9959758551307847
1236 trim Const 0.9959758551307847
1237 trim nConst,nPI 0.9959758551307847
1238 trim nConst,nPI 0.9959758551307847
1239 trim nConst,nPI 0.9959758551307847
1240 trim nConst,nPI 0.9959758551307847
1241 trim nConst,nPI 0.9959758551307847
1242 trim nConst,nPI 0.9959758551307847
1243 trim nConst,nPI 0.9959758551307847
1244 trim nConst,nPI 0.9959758551307847
1245 trim nConst,nPI 0.9959758551307847
1246 trim nConst,nPI 0.9959758551307847
1247 trim nConst,nPI 0.9959758551307847
1248 trim nConst,nPI 0.9959758551307847
1249 trim nConst,nPI 0.9959758551307847
1250 trim nConst,nPI 0.9959758551307847
1251 trim nConst,nPI 0.9959758551307847
1252 trim nConst,nPI 0.9959758551307847
1253 trim nConst,nPI 0.9959758551307847
1254 trim nConst,nPI 0.9959758551307847
1255 trim nConst,nPI 0.9959758551307847
1256 trim nConst,nPI 0.9959758551307847
1257 trim nConst,nPI 0.9959758551307847
1258 trim nConst,nPI 0.9959758551307847
1259 trim nConst,nPI 0.9959758551307847
1260 trim nConst,nPI 0.9959758551307847
1261 trim nConst,nPI 0.9959758551307847
1262 trim nConst,nPI 0.9959758551307847
1263 trim nConst,nPI 0.9959758551307847
1264 trim nConst,nPI 0.9959758551307847
1265 trim nConst,nPI 0.9959758551307847
1266 trim nConst,nPI 0.9959758551307847
1267 trim nConst,nPI 0.9959758551307847
1268 trim nConst,nPI 0.9959758551307847
1269 trim Const 0.9959758551307847
1270 trim nConst,nPI 0.9959758551307847
1271 trim nConst,nPI 0.9959758551307847
1272 trim nConst,nPI 0.9959758551307847
1273 trim nConst,nPI 0.9959758551307847
1274 trim nConst,nPI 0.9959758551307847
1275 trim nConst,nPI 0.9959758551307847
1276 trim nConst,nPI 0.9959758551307847
1277 trim nConst,nPI 0.9959758551307847
1278 trim nConst,nPI 0.9959758551307847
1279 trim nConst,nPI 0.9959758551307847
1280 trim nConst,nPI 0.9959758551307847
1281 trim nConst,nPI 0.9959758551307847
1282 trim nConst,nPI 0.9959758551307847
1283 trim nConst,nPI 0.9959758551307847
1284 trim nConst,nPI 0.9959758551307847
1285 trim nConst,nPI 0.9959758551307847
1286 trim nConst,nPI 0.9959758551307847
1287 trim nConst,nPI 0.9959758551307847
1288 trim nConst,nPI 0.9959758551307847
1289 trim nConst,nPI 0.9959758551307847
1290 trim nConst,nPI 0.9959758551307847
1291 trim nConst,nPI 0.9959758551307847
1292 trim nConst,nPI 0.9959758551307847
1293 trim nConst,nPI 0.9959758551307847
1294 trim nConst,nPI 0.9959758551307847
1295 trim nConst,nPI 0.9959758551307847
1296 trim nConst,nPI 0.9959758551307847
1297 trim nConst,nPI 0.9979879275653923
1298 trim nConst,nPI 0.9979879275653923
1299 trim nConst,nPI 0.9979879275653923
1300 trim nConst,nPI 0.9979879275653923
1301 trim nConst,nPI 0.9979879275653923
1302 trim nConst,nPI 0.9979879275653923
1303 trim nConst,nPI 0.9979879275653923
1304 trim nConst,nPI 0.9979879275653923
1305 trim nConst,nPI 0.9979879275653923
1306 trim nConst,nPI 0.9979879275653923
1307 trim nConst,nPI 0.9979879275653923
1308 trim nConst,nPI 0.9979879275653923
1309 trim nConst,nPI 0.9979879275653923
1310 trim nConst,nPI 0.9979879275653923
1311 trim nConst,nPI 0.9979879275653923
1312 trim nConst,nPI 0.9979879275653923
1313 trim nConst,nPI 0.9979879275653923
1314 trim nConst,nPI 0.9979879275653923
1315 trim nConst,nPI 0.9979879275653923
1316 trim nConst,nPI 0.9979879275653923
1317 trim nConst,nPI 0.9979879275653923
1318 trim nConst,nPI 0.9979879275653923
1319 trim nConst,nPI 0.9979879275653923
1320 trim nConst,nPI 0.9979879275653923
1321 trim nConst,nPI 0.9979879275653923
1322 trim nConst,nPI 0.9979879275653923
1323 trim nConst,nPI 0.9979879275653923
1324 trim nConst,nPI 0.9979879275653923
1325 trim nConst,nPI 0.9979879275653923
1326 trim nConst,nPI 0.9979879275653923
1327 trim nConst,nPI 0.9979879275653923
1328 trim nConst,nPI 0.9979879275653923
1329 trim nConst,nPI 1.0
1330 trim nConst,nPI 1.0
1331 keep PI 0.002012072434607646
1332 keep PI 0.002012072434607646
1333 keep PI 0.002012072434607646
1334 keep PI 0.002012072434607646
1335 keep PI 0.002012072434607646
1336 keep PI 0.002012072434607646
1337 keep PI 0.002012072434607646
1338 keep PI 0.002012072434607646
1339 keep PI 0.002012072434607646
1340 keep PI 0.002012072434607646
1341 keep PI 0.004024144869215292
1342 keep PI 0.004024144869215292
1343 keep PI 0.004024144869215292
1344 keep PI 0.008048289738430584
1345 keep PI 0.008048289738430584
1346 keep PI 0.008048289738430584
1347 keep PI 0.012072434607645875
1348 keep PI 0.014084507042253521
1349 keep PI 0.03621730382293763
1350 keep PI 0.10865191146881288
1351 keep PI 0.1710261569416499
1352 trim nConst,nPI 1.0
1353 trim nConst,nPI 1.0
1354 keep PI 0.3501006036217304
1355 keep PI 0.5593561368209256
1356 keep PI 0.6519114688128773
1357 keep PI 0.7645875251509054
1358 keep PI 0.8269617706237424
1359 keep PI 0.8672032193158954
1360 keep PI 0.8913480885311871
1361 keep PI 0.9054325955734407
1362 keep PI 0.937625754527163
1363 keep PI 0.9456740442655935
1364 keep PI 0.9496981891348089
1365 keep PI 0.9496981891348089
1366 trim PI 0.9557344064386318
1367 trim PI 0.9637826961770624
1368 trim PI 0.96579476861167
1369 trim PI 0.9678068410462777
1370 trim PI 0.9778672032193159
1371 trim nConst,nPI 0.9798792756539235
1372 trim PI 0.9818913480885312
1373 trim PI 0.9839034205231388
1374 trim nConst,nPI 0.9839034205231388
1375 trim PI 0.9859154929577465
1376 trim nConst,nPI 0.9859154929577465
1377 trim PI 0.9859154929577465
1378 trim PI 0.9879275653923542
1379 trim PI 0.9879275653923542
1380 trim PI 0.9879275653923542
1381 trim PI 0.9879275653923542
1382 trim PI 0.9879275653923542
1383 trim PI 0.9879275653923542
1384 trim PI 0.9879275653923542
1385 trim PI 0.9879275653923542
1386 trim PI 0.9879275653923542
1387 trim PI 0.9879275653923542
1388 trim nConst,nPI 0.9879275653923542
1389 trim PI 0.9879275653923542
1390 trim nConst,nPI 0.9919517102615694
1391 trim nConst,nPI 0.9919517102615694
1392 trim nConst,nPI 0.9919517102615694
1393 trim nConst,nPI 0.9919517102615694
1394 trim nConst,nPI 0.9919517102615694
1395 trim nConst,nPI 0.9919517102615694
1396 trim nConst,nPI 0.9919517102615694
1397 trim nConst,nPI 0.9919517102615694
1398 trim PI 0.9919517102615694
1399 trim nConst,nPI 0.9919517102615694
1400 trim nConst,nPI 0.9919517102615694
1401 trim nConst,nPI 0.9919517102615694
1402 trim nConst,nPI 0.9959758551307847
1403 trim nConst,nPI 0.9959758551307847
1404 trim nConst,nPI 0.9959758551307847
1405 trim nConst,nPI 0.9959758551307847
1406 trim nConst,nPI 0.9959758551307847
1407 trim nConst,nPI 0.9959758551307847
1408 trim nConst,nPI 0.9959758551307847
1409 trim nConst,nPI 0.9959758551307847
1410 trim Const 0.9959758551307847
1411 trim nConst,nPI 0.9959758551307847
1412 trim nConst,nPI 0.9959758551307847
1413 trim Const 0.9959758551307847
1414 trim Const 0.9959758551307847
1415 trim nConst,nPI 0.9959758551307847
1416 trim nConst,nPI 0.9959758551307847
1417 trim nConst,nPI 0.9959758551307847
1418 trim nConst,nPI 0.9959758551307847
1419 trim nConst,nPI 0.9959758551307847
1420 trim nConst,nPI 0.9959758551307847
1421 trim nConst,nPI 0.9959758551307847
1422 trim nConst,nPI 0.9959758551307847
1423 trim nConst,nPI 0.9959758551307847
1424 trim nConst,nPI 0.9959758551307847
1425 trim nConst,nPI 0.9959758551307847
1426 trim nConst,nPI 0.9959758551307847
1427 trim nConst,nPI 0.9959758551307847
1428 trim nConst,nPI 0.9959758551307847
1429 trim nConst,nPI 0.9959758551307847
1430 trim nConst,nPI 0.9959758551307847
1431 trim nConst,nPI 0.9959758551307847
1432 trim nConst,nPI 0.9959758551307847
1433 trim nConst,nPI 0.9959758551307847
1434 trim nConst,nPI 0.9959758551307847
1435 trim nConst,nPI 0.9959758551307847
1436 trim nConst,nPI 0.9959758551307847
1437 trim nConst,nPI 0.9959758551307847
1438 trim nConst,nPI 0.9959758551307847
1439 trim nConst,nPI 0.9959758551307847
1440 trim nConst,nPI 0.9959758551307847
1441 trim nConst,nPI 0.9959758551307847
1442 trim nConst,nPI 0.9959758551307847
1443 trim Const 0.9959758551307847
1444 trim nConst,nPI 0.9959758551307847
1445 trim nConst,nPI 0.9959758551307847
1446 trim nConst,nPI 0.9959758551307847
1447 trim nConst,nPI 0.9959758551307847
1448 trim nConst,nPI 0.9959758551307847
1449 trim Const 0.9959758551307847
1450 trim Const 0.9959758551307847
1451 trim nConst,nPI 0.9959758551307847
1452 trim nConst,nPI 0.9959758551307847
1453 trim nConst,nPI 0.9959758551307847
1454 trim nConst,nPI 0.9959758551307847
1455 trim nConst,nPI 0.9959758551307847
1456 trim nConst,nPI 0.9959758551307847
1457 trim nConst,nPI 0.9959758551307847
1458 trim nConst,nPI 0.9959758551307847
1459 trim nConst,nPI 0.9959758551307847
1460 trim nConst,nPI 0.9959758551307847
1461 trim nConst,nPI 0.9959758551307847
1462 trim nConst,nPI 0.9959758551307847
1463 trim nConst,nPI 0.9959758551307847
1464 trim nConst,nPI 0.9959758551307847
1465 trim nConst,nPI 0.9959758551307847
1466 trim nConst,nPI 0.9959758551307847
1467 trim nConst,nPI 0.9959758551307847
1468 trim nConst,nPI 0.9959758551307847
1469 trim nConst,nPI 0.9959758551307847
1470 trim nConst,nPI 0.9959758551307847
1471 trim nConst,nPI 0.9959758551307847
1472 trim nConst,nPI 0.9959758551307847
1473 trim nConst,nPI 0.9959758551307847
1474 trim Const 0.9959758551307847
1475 trim nConst,nPI 0.9959758551307847
1476 trim nConst,nPI 0.9959758551307847
1477 trim nConst,nPI 0.9959758551307847
1478 trim nConst,nPI 0.9959758551307847
1479 trim nConst,nPI 0.9959758551307847
1480 trim nConst,nPI 0.9959758551307847
1481 trim nConst,nPI 0.9959758551307847
1482 trim nConst,nPI 0.9959758551307847
1483 trim nConst,nPI 0.9959758551307847
1484 trim nConst,nPI 0.9959758551307847
1485 trim nConst,nPI 0.9959758551307847
1486 trim nConst,nPI 0.9959758551307847
1487 trim nConst,nPI 0.9959758551307847
1488 trim nConst,nPI 0.9959758551307847
1489 trim nConst,nPI 0.9959758551307847
1490 trim nConst,nPI 0.9959758551307847
1491 trim nConst,nPI 0.9959758551307847
1492 trim nConst,nPI 0.9959758551307847
1493 trim nConst,nPI 0.9959758551307847
1494 trim nConst,nPI 0.9959758551307847
1495 trim nConst,nPI 0.9959758551307847
1496 trim nConst,nPI 0.9959758551307847
1497 trim nConst,nPI 0.9959758551307847
1498 trim nConst,nPI 0.9959758551307847
1499 trim Const 0.9959758551307847
1500 trim nConst,nPI 0.9959758551307847
1501 trim nConst,nPI 0.9959758551307847
1502 trim nConst,nPI 0.9959758551307847
1503 trim nConst,nPI 0.9959758551307847
1504 trim nConst,nPI 0.9959758551307847
1505 trim nConst,nPI 0.9959758551307847
1506 trim nConst,nPI 0.9959758551307847
1507 trim nConst,nPI 0.9959758551307847
1508 trim nConst,nPI 0.9959758551307847
1509 trim nConst,nPI 0.9959758551307847
1510 trim nConst,nPI 0.9959758551307847
1511 trim nConst,nPI 0.9959758551307847
1512 trim nConst,nPI 0.9959758551307847
1513 trim nConst,nPI 0.9959758551307847
1514 trim nConst,nPI 0.9959758551307847
1515 trim nConst,nPI 0.9979879275653923
1516 trim nConst,nPI 0.9979879275653923
1517 trim nConst,nPI 0.9979879275653923
1518 trim nConst,nPI 0.9979879275653923
1519 trim nConst,nPI 0.9979879275653923
1520 trim nConst,nPI 0.9979879275653923
1521 trim nConst,nPI 0.9979879275653923
1522 trim nConst,nPI 0.9979879275653923
1523 trim nConst,nPI 0.9979879275653923
1524 trim nConst,nPI 0.9979879275653923
1525 trim nConst,nPI 0.9979879275653923
1526 trim nConst,nPI 0.9979879275653923
1527 trim nConst,nPI 0.9979879275653923
1528 trim nConst,nPI 0.9979879275653923
1529 trim nConst,nPI 0.9979879275653923
1530 trim nConst,nPI 0.9979879275653923
1531 trim nConst,nPI 0.9979879275653923
1532 trim nConst,nPI 0.9979879275653923
1533 trim nConst,nPI 0.9979879275653923
1534 trim nConst,nPI 0.9979879275653923
1535 trim nConst,nPI 0.9979879275653923
1536 trim nConst,nPI 0.9979879275653923
1537 trim nConst,nPI 0.9979879275653923
1538 trim nConst,nPI 0.9979879275653923
1539 trim nConst,nPI 0.9979879275653923
1540 trim nConst,nPI 0.9979879275653923
1541 trim nConst,nPI 0.9979879275653923
1542 trim nConst,nPI 0.9979879275653923
1543 trim nConst,nPI 0.9979879275653923
1544 trim nConst,nPI 0.9979879275653923
1545 trim nConst,nPI 0.9979879275653923
1546 trim nConst,nPI 0.9979879275653923
1547 trim nConst,nPI 0.9979879275653923
1548 trim nConst,nPI 0.9979879275653923
1549 trim nConst,nPI 0.9979879275653923
1550 trim nConst,nPI 0.9979879275653923
1551 trim nConst,nPI 0.9979879275653923
1552 trim nConst,nPI 0.9979879275653923
1553 trim nConst,nPI 0.9979879275653923
1554 trim nConst,nPI 0.9979879275653923
1555 trim nConst,nPI 0.9979879275653923
1556 trim nConst,nPI 0.9979879275653923
1557 trim nConst,nPI 0.9979879275653923
1558 trim nConst,nPI 0.9979879275653923
1559 trim nConst,nPI 0.9979879275653923
1560 trim nConst,nPI 0.9979879275653923
1561 trim nConst,nPI 0.9979879275653923
1562 trim nConst,nPI 0.9979879275653923
1563 trim nConst,nPI 0.9979879275653923
1564 trim nConst,nPI 0.9979879275653923
1565 trim nConst,nPI 0.9979879275653923
1566 trim nConst,nPI 0.9979879275653923
1567 trim nConst,nPI 0.9979879275653923
1568 trim nConst,nPI 0.9979879275653923
1569 trim nConst,nPI 0.9979879275653923
1570 trim nConst,nPI 0.9979879275653923
1571 trim nConst,nPI 0.9979879275653923
1572 trim nConst,nPI 0.9979879275653923
1573 trim nConst,nPI 0.9979879275653923
1574 trim nConst,nPI 0.9979879275653923
1575 trim nConst,nPI 0.9979879275653923
1576 trim nConst,nPI 0.9979879275653923
1577 trim nConst,nPI 0.9979879275653923
1578 trim nConst,nPI 0.9979879275653923
1579 trim nConst,nPI 0.9979879275653923
1580 trim nConst,nPI 0.9979879275653923
1581 trim nConst,nPI 0.9979879275653923
1582 trim nConst,nPI 0.9979879275653923
1583 trim nConst,nPI 0.9979879275653923
1584 trim nConst,nPI 0.9979879275653923
1585 trim nConst,nPI 0.9979879275653923
1586 trim nConst,nPI 0.9979879275653923
1587 trim nConst,nPI 0.9979879275653923
1588 trim nConst,nPI 0.9979879275653923
1589 trim nConst,nPI 0.9979879275653923
1590 trim nConst,nPI 0.9979879275653923
1591 trim nConst,nPI 0.9979879275653923
1592 trim nConst,nPI 0.9979879275653923
1593 trim nConst,nPI 0.9979879275653923
1594 trim nConst,nPI 0.9979879275653923
1595 trim nConst,nPI 0.9979879275653923
1596 trim nConst,nPI 0.9979879275653923
1597 trim nConst,nPI 0.9979879275653923
1598 trim nConst,nPI 0.9979879275653923
1599 trim nConst,nPI 0.9979879275653923
1600 trim nConst,nPI 0.9979879275653923
1601 trim nConst,nPI 0.9979879275653923
1602 trim nConst,nPI 0.9979879275653923
1603 trim nConst,nPI 0.9979879275653923
1604 trim nConst,nPI 0.9979879275653923
1605 trim nConst,nPI 0.9979879275653923
1606 trim nConst,nPI 0.9979879275653923
1607 trim nConst,nPI 0.9979879275653923
1608 trim nConst,nPI 0.9979879275653923
1609 trim nConst,nPI 0.9979879275653923
1610 trim nConst,nPI 0.9979879275653923
1611 trim nConst,nPI 0.9979879275653923
1612 trim nConst,nPI 0.9979879275653923
1613 trim nConst,nPI 0.9979879275653923
1614 trim nConst,nPI 0.9979879275653923
1615 trim nConst,nPI 0.9979879275653923
1616 trim nConst,nPI 0.9979879275653923
1617 trim nConst,nPI 0.9979879275653923
1618 trim nConst,nPI 0.9979879275653923
1619 trim nConst,nPI 0.9979879275653923
1620 trim nConst,nPI 0.9979879275653923
1621 trim nConst,nPI 0.9979879275653923
1622 trim nConst,nPI 0.9979879275653923
1623 trim nConst,nPI 0.9979879275653923
1624 trim nConst,nPI 0.9979879275653923
1625 trim nConst,nPI 0.9979879275653923
1626 trim nConst,nPI 0.9979879275653923
1627 trim nConst,nPI 0.9979879275653923
1628 trim nConst,nPI 0.9979879275653923
1629 trim nConst,nPI 0.9979879275653923
1630 trim nConst,nPI 0.9979879275653923
1631 trim nConst,nPI 0.9979879275653923
1632 trim nConst,nPI 0.9979879275653923
1633 trim nConst,nPI 0.9979879275653923
1634 trim nConst,nPI 0.9979879275653923
1635 trim nConst,nPI 0.9979879275653923
1636 trim nConst,nPI 0.9979879275653923
1637 trim nConst,nPI 0.9979879275653923
1638 trim nConst,nPI 0.9979879275653923
1639 trim nConst,nPI 0.9979879275653923
1640 trim nConst,nPI 0.9979879275653923
1641 trim nConst,nPI 0.9979879275653923
1642 trim nConst,nPI 0.9979879275653923
1643 trim nConst,nPI 0.9979879275653923
1644 trim nConst,nPI 0.9979879275653923
1645 trim nConst,nPI 0.9979879275653923
1646 trim nConst,nPI 0.9979879275653923
1647 trim nConst,nPI 0.9979879275653923
1648 trim nConst,nPI 0.9979879275653923
1649 trim nConst,nPI 0.9979879275653923
1650 trim nConst,nPI 0.9979879275653923
1651 trim nConst,nPI 0.9979879275653923
1652 trim nConst,nPI 0.9979879275653923
1653 trim nConst,nPI 0.9979879275653923
1654 trim nConst,nPI 0.9979879275653923
1655 trim nConst,nPI 0.9979879275653923
1656 trim nConst,nPI 0.9979879275653923
1657 trim nConst,nPI 0.9979879275653923
1658 trim nConst,nPI 0.9979879275653923
1659 trim nConst,nPI 0.9979879275653923
1660 trim nConst,nPI 0.9979879275653923
1661 trim nConst,nPI 0.9979879275653923
1662 trim nConst,nPI 0.9979879275653923
1663 trim nConst,nPI 0.9979879275653923
1664 trim nConst,nPI 0.9979879275653923
1665 trim nConst,nPI 0.9979879275653923
1666 trim nConst,nPI 0.9979879275653923
1667 trim nConst,nPI 0.9979879275653923
1668 trim nConst,nPI 0.9979879275653923
1669 trim nConst,nPI 0.9979879275653923
1670 trim nConst,nPI 0.9979879275653923
1671 trim nConst,nPI 0.9979879275653923
1672 trim nConst,nPI 0.9979879275653923
1673 trim nConst,nPI 0.9979879275653923
1674 trim nConst,nPI 0.9979879275653923
1675 trim nConst,nPI 0.9979879275653923
1676 trim nConst,nPI 0.9979879275653923
1677 trim nConst,nPI 0.9979879275653923
1678 trim nConst,nPI 0.9979879275653923
1679 trim nConst,nPI 0.9979879275653923
1680 trim nConst,nPI 0.9979879275653923
1681 trim nConst,nPI 0.9979879275653923
1682 trim nConst,nPI 0.9979879275653923
1683 trim nConst,nPI 0.9979879275653923
1684 trim nConst,nPI 0.9979879275653923
1685 trim nConst,nPI 0.9979879275653923
1686 trim nConst,nPI 0.9979879275653923
1687 trim nConst,nPI 0.9979879275653923
1688 trim nConst,nPI 0.9979879275653923
1689 trim nConst,nPI 0.9979879275653923
1690 trim nConst,nPI 0.9979879275653923
1691 trim nConst,nPI 0.9979879275653923
1692 trim nConst,nPI 0.9979879275653923
1693 trim nConst,nPI 0.9979879275653923
1694 trim nConst,nPI 0.9979879275653923
1695 trim nConst,nPI 0.9979879275653923
1696 trim nConst,nPI 0.9979879275653923
1697 trim nConst,nPI 0.9979879275653923
1698 trim nConst,nPI 0.9979879275653923
1699 trim nConst,nPI 0.9979879275653923
1700 trim nConst,nPI 0.9979879275653923
1701 trim nConst,nPI 0.9979879275653923
1702 trim nConst,nPI 0.9979879275653923
1703 trim nConst,nPI 0.9979879275653923
1704 trim nConst,nPI 0.9979879275653923
1705 trim nConst,nPI 0.9979879275653923
1706 trim nConst,nPI 0.9979879275653923
1707 trim nConst,nPI 0.9979879275653923
1708 trim nConst,nPI 0.9979879275653923
1709 trim nConst,nPI 0.9979879275653923
1710 trim nConst,nPI 0.9979879275653923
1711 trim nConst,nPI 0.9979879275653923
1712 trim nConst,nPI 0.9979879275653923
1713 trim nConst,nPI 0.9979879275653923
1714 trim nConst,nPI 0.9979879275653923
1715 trim nConst,nPI 0.9979879275653923
1716 trim nConst,nPI 0.9979879275653923
1717 trim nConst,nPI 0.9979879275653923
1718 trim nConst,nPI 0.9979879275653923
1719 trim nConst,nPI 0.9979879275653923
1720 trim nConst,nPI 0.9979879275653923
1721 trim nConst,nPI 0.9979879275653923
1722 trim nConst,nPI 0.9979879275653923
1723 trim nConst,nPI 0.9979879275653923
1724 trim nConst,nPI 0.9979879275653923
1725 trim nConst,nPI 0.9979879275653923
1726 trim nConst,nPI 0.9979879275653923
1727 trim nConst,nPI 0.9979879275653923
1728 trim nConst,nPI 0.9979879275653923
1729 trim nConst,nPI 0.9979879275653923
1730 trim nConst,nPI 0.9979879275653923
1731 trim nConst,nPI 0.9979879275653923
1732 trim nConst,nPI 0.9979879275653923
1733 trim nConst,nPI 0.9979879275653923
1734 trim nConst,nPI 0.9979879275653923
1735 trim nConst,nPI 0.9979879275653923
1736 trim nConst,nPI 0.9979879275653923
1737 trim nConst,nPI 0.9979879275653923
1738 trim nConst,nPI 0.9979879275653923
1739 trim nConst,nPI 0.9979879275653923
1740 trim nConst,nPI 0.9979879275653923
1741 trim nConst,nPI 0.9979879275653923
1742 trim nConst,nPI 0.9979879275653923
1743 trim nConst,nPI 0.9979879275653923
1744 trim nConst,nPI 0.9979879275653923
1745 trim nConst,nPI 0.9979879275653923
1746 trim nConst,nPI 0.9979879275653923
1747 trim nConst,nPI 0.9979879275653923
1748 trim nConst,nPI 0.9979879275653923
1749 trim nConst,nPI 0.9979879275653923
1750 trim nConst,nPI 0.9979879275653923
1751 trim nConst,nPI 0.9979879275653923
1752 trim nConst,nPI 0.9979879275653923
1753 trim nConst,nPI 0.9979879275653923
1754 trim nConst,nPI 0.9979879275653923
1755 trim nConst,nPI 0.9979879275653923
1756 trim nConst,nPI 0.9979879275653923
1757 trim nConst,nPI 0.9979879275653923
1758 trim nConst,nPI 0.9979879275653923
1759 trim nConst,nPI 0.9979879275653923
1760 trim nConst,nPI 0.9979879275653923
1761 trim nConst,nPI 0.9979879275653923
1762 trim nConst,nPI 0.9979879275653923
1763 trim nConst,nPI 0.9979879275653923
1764 trim nConst,nPI 0.9979879275653923
1765 trim nConst,nPI 0.9979879275653923
1766 trim nConst,nPI 0.9979879275653923
1767 trim nConst,nPI 0.9979879275653923
1768 trim nConst,nPI 0.9979879275653923
1769 trim nConst,nPI 0.9979879275653923
1770 trim nConst,nPI 0.9979879275653923
1771 trim nConst,nPI 0.9979879275653923
1772 trim nConst,nPI 0.9979879275653923
1773 trim nConst,nPI 0.9979879275653923
1774 trim nConst,nPI 0.9979879275653923
1775 trim nConst,nPI 0.9979879275653923
1776 trim nConst,nPI 0.9979879275653923
1777 trim nConst,nPI 0.9979879275653923
1778 trim nConst,nPI 0.9979879275653923
1779 trim nConst,nPI 0.9979879275653923
1780 trim nConst,nPI 0.9979879275653923
1781 trim nConst,nPI 0.9979879275653923
1782 trim nConst,nPI 0.9979879275653923
1783 trim nConst,nPI 0.9979879275653923
1784 trim nConst,nPI 0.9979879275653923
1785 trim nConst,nPI 0.9979879275653923
1786 trim nConst,nPI 0.9979879275653923
1787 trim nConst,nPI 0.9979879275653923
1788 trim nConst,nPI 0.9979879275653923
1789 trim nConst,nPI 0.9979879275653923
1790 trim nConst,nPI 0.9979879275653923
1791 trim nConst,nPI 0.9979879275653923
1792 trim nConst,nPI 0.9979879275653923
1793 trim nConst,nPI 0.9979879275653923
1794 trim nConst,nPI 0.9979879275653923
1795 trim nConst,nPI 0.9979879275653923
1796 trim nConst,nPI 0.9979879275653923
1797 trim nConst,nPI 0.9979879275653923
1798 trim nConst,nPI 0.9979879275653923
1799 trim nConst,nPI 0.9979879275653923
1800 trim nConst,nPI 0.9979879275653923
1801 trim nConst,nPI 0.9979879275653923
1802 trim nConst,nPI 0.9979879275653923
1803 trim nConst,nPI 0.9979879275653923
1804 trim nConst,nPI 0.9979879275653923
1805 trim nConst,nPI 0.9979879275653923
1806 trim nConst,nPI 0.9979879275653923
1807 trim nConst,nPI 0.9979879275653923
1808 trim nConst,nPI 0.9979879275653923
1809 trim nConst,nPI 0.9979879275653923
1810 trim nConst,nPI 0.9979879275653923
1811 trim nConst,nPI 0.9979879275653923
1812 trim nConst,nPI 0.9979879275653923
1813 trim nConst,nPI 0.9979879275653923
1814 trim nConst,nPI 0.9979879275653923
1815 trim nConst,nPI 0.9979879275653923
1816 trim nConst,nPI 0.9979879275653923
1817 trim nConst,nPI 0.9979879275653923
1818 trim nConst,nPI 0.9979879275653923
1819 trim nConst,nPI 0.9979879275653923
1820 trim nConst,nPI 0.9979879275653923
1821 trim nConst,nPI 0.9979879275653923
1822 trim nConst,nPI 0.9979879275653923
1823 trim nConst,nPI 0.9979879275653923
1824 trim nConst,nPI 0.9979879275653923
1825 trim nConst,nPI 0.9979879275653923
1826 trim nConst,nPI 0.9979879275653923
1827 trim nConst,nPI 0.9979879275653923
1828 trim nConst,nPI 0.9979879275653923
1829 trim nConst,nPI 0.9979879275653923
1830 trim nConst,nPI 0.9979879275653923
1831 trim nConst,nPI 0.9979879275653923
1832 trim nConst,nPI 0.9979879275653923
1833 trim nConst,nPI 0.9979879275653923
1834 trim nConst,nPI 0.9979879275653923
1835 trim nConst,nPI 0.9979879275653923
1836 trim nConst,nPI 0.9979879275653923
1837 trim nConst,nPI 0.9979879275653923
1838 trim nConst,nPI 0.9979879275653923
1839 trim nConst,nPI 0.9979879275653923
1840 trim nConst,nPI 0.9979879275653923
1841 trim nConst,nPI 0.9979879275653923
1842 trim nConst,nPI 0.9979879275653923
1843 trim nConst,nPI 0.9979879275653923
1844 trim nConst,nPI 0.9979879275653923
1845 trim nConst,nPI 0.9979879275653923
1846 trim nConst,nPI 0.9979879275653923
1847 trim nConst,nPI 0.9979879275653923
1848 trim nConst,nPI 0.9979879275653923
1849 trim nConst,nPI 0.9979879275653923
1850 trim nConst,nPI 0.9979879275653923
1851 trim nConst,nPI 0.9979879275653923
1852 trim nConst,nPI 0.9979879275653923
1853 trim nConst,nPI 0.9979879275653923
1854 trim nConst,nPI 0.9979879275653923
1855 trim nConst,nPI 0.9979879275653923
1856 trim nConst,nPI 0.9979879275653923
1857 trim nConst,nPI 0.9979879275653923
1858 trim nConst,nPI 0.9979879275653923
1859 trim nConst,nPI 0.9979879275653923
1860 trim nConst,nPI 0.9979879275653923
1861 trim nConst,nPI 0.9979879275653923
1862 trim nConst,nPI 0.9979879275653923
1863 trim nConst,nPI 0.9979879275653923
1864 trim nConst,nPI 0.9979879275653923
1865 trim nConst,nPI 0.9979879275653923
1866 trim nConst,nPI 0.9979879275653923
1867 trim nConst,nPI 0.9979879275653923
1868 trim nConst,nPI 0.9979879275653923
1869 trim nConst,nPI 0.9979879275653923
1870 trim nConst,nPI 0.9979879275653923
1871 trim nConst,nPI 0.9979879275653923
1872 trim nConst,nPI 0.9979879275653923
1873 trim nConst,nPI 0.9979879275653923
1874 trim nConst,nPI 0.9979879275653923
1875 trim nConst,nPI 0.9979879275653923
1876 trim nConst,nPI 0.9979879275653923
1877 trim nConst,nPI 0.9979879275653923
1878 trim nConst,nPI 0.9979879275653923
1879 trim nConst,nPI 0.9979879275653923
1880 trim nConst,nPI 0.9979879275653923
1881 trim nConst,nPI 0.9979879275653923
1882 trim nConst,nPI 0.9979879275653923
1883 trim nConst,nPI 0.9979879275653923
1884 trim nConst,nPI 0.9979879275653923
1885 trim nConst,nPI 0.9979879275653923
1886 trim nConst,nPI 0.9979879275653923
1887 trim nConst,nPI 0.9979879275653923
1888 trim nConst,nPI 0.9979879275653923
1889 trim nConst,nPI 0.9979879275653923
1890 trim nConst,nPI 0.9979879275653923
1891 trim nConst,nPI 0.9979879275653923
1892 trim nConst,nPI 0.9979879275653923
1893 trim nConst,nPI 0.9979879275653923
1894 trim nConst,nPI 0.9979879275653923
1895 trim nConst,nPI 0.9979879275653923
1896 trim nConst,nPI 0.9979879275653923
1897 trim nConst,nPI 0.9979879275653923
1898 trim nConst,nPI 0.9979879275653923
1899 trim nConst,nPI 0.9979879275653923
1900 trim nConst,nPI 0.9979879275653923
1901 trim nConst,nPI 0.9979879275653923
1902 trim nConst,nPI 1.0
1903 trim nConst,nPI 1.0
1904 keep PI 0.01006036217303823
1905 keep PI 0.008048289738430584
1906 keep PI 0.008048289738430584
1907 keep PI 0.008048289738430584
1908 keep PI 0.008048289738430584
1909 keep PI 0.008048289738430584
1910 keep PI 0.008048289738430584
1911 keep PI 0.008048289738430584
1912 keep PI 0.008048289738430584
1913 keep PI 0.008048289738430584
1914 keep PI 0.01006036217303823
1915 keep PI 0.01006036217303823
1916 keep PI 0.01006036217303823
1917 keep PI 0.01006036217303823
1918 keep PI 0.01006036217303823
1919 keep PI 0.01006036217303823
1920 keep PI 0.03621730382293763
1921 trim nConst,nPI 1.0
1922 trim nConst,nPI 1.0
1923 keep PI 0.6740442655935613
1924 keep PI 0.7967806841046278
1925 keep PI 0.8289738430583501
1926 keep PI 0.8712273641851107
1927 keep PI 0.8953722334004024
1928 keep PI 0.9356136820925554
1929 trim PI 0.9637826961770624
1930 trim PI 0.9778672032193159
1931 trim PI 0.9818913480885312
1932 trim nConst,nPI 0.9859154929577465
1933 trim nConst,nPI 0.9859154929577465
1934 trim nConst,nPI 0.9919517102615694
1935 trim nConst,nPI 0.993963782696177
1936 trim nConst,nPI 0.993963782696177
1937 trim Const 0.9959758551307847
1938 trim nConst,nPI 0.9959758551307847
1939 trim nConst,nPI 0.9959758551307847
1940 trim nConst,nPI 0.9959758551307847
1941 trim nConst,nPI 0.9979879275653923
1942 trim nConst,nPI 0.9979879275653923
1943 trim nConst,nPI 0.9979879275653923
1944 trim nConst,nPI 0.9979879275653923
1945 trim nConst,nPI 0.9979879275653923
1946 trim nConst,nPI 0.9979879275653923
1947 trim nConst,nPI 0.9979879275653923
1948 trim nConst,nPI 0.9979879275653923
1949 trim nConst,nPI 0.9979879275653923
1950 trim nConst,nPI 0.9979879275653923
1951 trim nConst,nPI 1.0
1952 trim nConst,nPI 1.0
1953 keep PI 0.008048289738430584
1954 keep PI 0.004024144869215292
1955 keep PI 0.004024144869215292
1956 keep PI 0.004024144869215292
1957 keep PI 0.9295774647887324
1958 keep PI 0.004024144869215292
1959 keep PI 0.004024144869215292
1960 keep PI 0.004024144869215292
1961 keep PI 0.002012072434607646
1962 keep PI 0.002012072434607646
1963 keep PI 0.002012072434607646
1964 keep PI 0.002012072434607646
1965 keep PI 0.002012072434607646
1966 keep PI 0.002012072434607646
1967 keep PI 0.002012072434607646
1968 keep PI 0.002012072434607646
1969 keep PI 0.0
1970 keep PI 0.0
1971 keep PI 0.0
1972 keep PI 0.0
1973 keep PI 0.0
1974 keep PI 0.002012072434607646
1975 keep PI 0.002012072434607646
1976 trim nConst,nPI 1.0
1977 trim nConst,nPI 1.0
1978 keep PI 0.778672032193159
1979 trim PI 0.971830985915493
1980 trim PI 0.9758551307847082
1981 trim PI 0.9758551307847082
1982 trim PI 0.9758551307847082
1983 trim PI 0.9758551307847082
1984 trim PI 0.9758551307847082
1985 trim PI 0.9758551307847082
1986 trim PI 0.9758551307847082
1987 trim PI 0.9778672032193159
1988 trim nConst,nPI 0.993963782696177
1989 trim nConst,nPI 0.9979879275653923
1990 trim nConst,nPI 0.9979879275653923
1991 trim nConst,nPI 1.0
1992 trim nConst,nPI 1.0
1993 keep PI 0.07847082494969819
1994 keep PI 0.07847082494969819
1995 keep PI 0.07847082494969819
1996 keep PI 0.07847082494969819
1997 keep PI 0.07847082494969819
1998 keep PI 0.08651911468812877
1999 trim nConst,nPI 1.0
2000 trim nConst,nPI 1.0
2001 keep PI 0.6981891348088531
2002 keep PI 0.7706237424547284
2003 keep PI 0.7967806841046278
2004 keep PI 0.8249496981891348
2005 keep PI 0.8752515090543259
2006 keep PI 0.9094567404426559
2007 keep PI 0.9235412474849095
2008 trim PI 0.9517102615694165
2009 trim PI 0.9537223340040242
2010 trim PI 0.9637826961770624
2011 trim PI 0.9678068410462777
2012 trim PI 0.9698189134808853
2013 trim PI 0.9778672032193159
2014 trim PI 0.9798792756539235
2015 trim nConst,nPI 0.9818913480885312
2016 trim PI 0.9879275653923542
2017 trim nConst,nPI 0.9899396378269618
2018 trim nConst,nPI 0.9899396378269618
2019 trim nConst,nPI 0.9879275653923542
2020 trim nConst,nPI 0.9879275653923542
2021 trim nConst,nPI 0.9879275653923542
2022 trim nConst,nPI 0.993963782696177
2023 trim nConst,nPI 0.9959758551307847
2024 trim nConst,nPI 0.9959758551307847
2025 trim nConst,nPI 0.9959758551307847
2026 trim nConst,nPI 0.9959758551307847
2027 trim Const 0.9959758551307847
2028 trim Const 0.9959758551307847
2029 trim Const 0.9959758551307847
2030 trim Const 0.9959758551307847
2031 trim nConst,nPI 0.9959758551307847
2032 trim Const 0.9959758551307847
2033 trim Const 0.9959758551307847
2034 trim Const 0.9959758551307847
2035 trim Const 0.9959758551307847
2036 trim nConst,nPI 0.9959758551307847
2037 trim Const 0.9959758551307847
2038 trim nConst,nPI 0.9959758551307847
2039 trim nConst,nPI 0.9959758551307847
2040 trim Const 0.9959758551307847
2041 trim Const 0.9959758551307847
2042 trim Const 0.9959758551307847
2043 trim Const 0.9959758551307847
2044 trim Const 0.9959758551307847
2045 trim Const 0.9959758551307847
2046 trim nConst,nPI 0.9959758551307847
2047 trim nConst,nPI 1.0
2048 trim nConst,nPI 1.0
2049 keep PI 0.07042253521126761
2050 keep PI 0.06639839034205232
2051 keep PI 0.05432595573440644
2052 keep PI 0.05432595573440644
2053 keep PI 0.0482897384305835
2054 keep PI 0.03621730382293763
2055 keep PI 0.03621730382293763
2056 keep PI 0.03219315895372234
2057 keep PI 0.03219315895372234
2058 keep PI 0.03219315895372234
2059 keep PI 0.03219315895372234
2060 keep PI 0.03420523138832998
2061 keep PI 0.03621730382293763
2062 trim nConst,nPI 1.0
2063 trim nConst,nPI 1.0
2064 keep PI 0.0
2065 keep PI 0.0
2066 keep PI 0.004024144869215292
2067 keep PI 0.002012072434607646
2068 keep PI 0.002012072434607646
2069 keep PI 0.004024144869215292
2070 keep PI 0.02012072434607646
2071 keep PI 0.022132796780684104
2072 keep PI 0.03621730382293763
2073 keep PI 0.19517102615694165
2074 keep PI 0.42655935613682094
2075 keep PI 0.5352112676056338
2076 keep PI 0.5995975855130785
2077 keep PI 0.7203219315895373
2078 keep PI 0.7545271629778671
2079 keep PI 0.7706237424547284
2080 keep PI 0.8008048289738431
2081 keep PI 0.8108651911468813
2082 keep PI 0.8169014084507042
2083 keep PI 0.8269617706237424
2084 keep PI 0.8350100603621731
2085 keep PI 0.8309859154929577
2086 keep PI 0.8370221327967807
2087 keep PI 0.8370221327967807
2088 keep PI 0.8470824949698189
2089 keep PI 0.8470824949698189
2090 keep PI 0.8470824949698189
2091 keep PI 0.8470824949698189
2092 keep PI 0.8470824949698189
2093 keep PI 0.8490945674044266
2094 keep PI 0.8511066398390342
2095 keep PI 0.8511066398390342
2096 keep PI 0.8551307847082495
2097 keep PI 0.8571428571428571
2098 keep PI 0.8591549295774648
2099 keep PI 0.8591549295774648
2100 keep PI 0.8631790744466801
2101 keep PI 0.8672032193158954
2102 keep PI 0.8792756539235412
2103 keep PI 0.903420523138833
2104 keep PI 0.9295774647887324
2105 keep PI 0.9416498993963782
2106 keep PI 0.9416498993963782
2107 keep PI 0.9416498993963782
2108 keep PI 0.9416498993963782
2109 keep PI 0.9416498993963782
2110 keep PI 0.9496981891348089
2111 trim PI 0.9537223340040242
2112 trim PI 0.9537223340040242
2113 trim PI 0.9537223340040242
2114 trim PI 0.9537223340040242
2115 trim PI 0.9678068410462777
2116 trim PI 0.9678068410462777
2117 trim PI 0.9758551307847082
2118 trim PI 0.9758551307847082
2119 trim PI 0.9778672032193159
2120 trim PI 0.9798792756539235
2121 trim PI 0.9798792756539235
2122 trim PI 0.9798792756539235
2123 trim PI 0.9798792756539235
2124 trim PI 0.9798792756539235
2125 trim PI 0.9798792756539235
2126 trim PI 0.9798792756539235
2127 trim PI 0.9798792756539235
2128 trim PI 0.9798792756539235
2129 trim PI 0.9798792756539235
2130 trim PI 0.9798792756539235
2131 trim PI 0.9798792756539235
2132 trim PI 0.9839034205231388
2133 trim nConst,nPI 0.9859154929577465
2134 trim PI 0.9859154929577465
2135 trim PI 0.9859154929577465
2136 trim PI 0.9859154929577465
2137 trim nConst,nPI 0.9899396378269618
2138 trim nConst,nPI 0.9899396378269618
2139 trim nConst,nPI 0.9899396378269618
2140 trim nConst,nPI 0.9899396378269618
2141 trim nConst,nPI 0.9899396378269618
2142 trim nConst,nPI 0.9899396378269618
2143 trim nConst,nPI 0.9899396378269618
2144 trim nConst,nPI 0.9899396378269618
2145 trim nConst,nPI 0.9959758551307847
2146 trim nConst,nPI 0.9959758551307847
2147 trim nConst,nPI 0.9959758551307847
2148 trim nConst,nPI 0.9959758551307847
2149 trim nConst,nPI 0.9959758551307847
2150 trim nConst,nPI 0.9959758551307847
2151 trim nConst,nPI 0.9979879275653923
2152 trim nConst,nPI 0.9979879275653923
2153 trim nConst,nPI 0.9979879275653923
2154 trim nConst,nPI 0.9979879275653923
2155 trim nConst,nPI 0.9979879275653923
2156 trim nConst,nPI 0.9979879275653923
2157 trim nConst,nPI 0.9979879275653923
2158 trim nConst,nPI 0.9979879275653923
2159 trim nConst,nPI 0.9979879275653923
2160 trim nConst,nPI 0.9979879275653923
2161 trim nConst,nPI 0.9979879275653923
2162 trim nConst,nPI 0.9979879275653923
2163 trim nConst,nPI 0.9979879275653923
2164 trim nConst,nPI 0.9979879275653923
2165 trim nConst,nPI 0.9979879275653923
2166 trim nConst,nPI 0.9979879275653923
2167 trim nConst,nPI 0.9979879275653923
2168 trim nConst,nPI 0.9979879275653923
2169 trim nConst,nPI 0.9979879275653923
2170 trim nConst,nPI 0.9979879275653923
2171 trim nConst,nPI 0.9979879275653923
2172 trim nConst,nPI 0.9979879275653923
2173 trim nConst,nPI 1.0
2174 trim nConst,nPI 1.0
2175 keep PI 0.002012072434607646
2176 keep PI 0.002012072434607646
2177 keep PI 0.002012072434607646
2178 keep PI 0.002012072434607646
2179 keep PI 0.002012072434607646
2180 keep PI 0.002012072434607646
2181 keep PI 0.002012072434607646
2182 keep PI 0.002012072434607646
2183 keep PI 0.002012072434607646
2184 keep PI 0.004024144869215292
2185 keep PI 0.004024144869215292
2186 keep PI 0.004024144869215292
2187 keep PI 0.03420523138832998
2188 keep PI 0.018108651911468814
2189 keep PI 0.006036217303822937
2190 keep PI 0.006036217303822937
2191 keep PI 0.006036217303822937
2192 keep PI 0.006036217303822937
2193 keep PI 0.006036217303822937
2194 keep PI 0.008048289738430584
2195 trim nConst,nPI 1.0
2196 trim nConst,nPI 1.0
2197 keep PI 0.8611670020120724
2198 keep PI 0.8792756539235412
2199 keep PI 0.8812877263581489
2200 keep PI 0.9114688128772636
2201 keep PI 0.9235412474849095
2202 trim nConst,nPI 0.9839034205231388
2203 trim nConst,nPI 0.993963782696177
2204 trim nConst,nPI 0.9959758551307847
2205 trim nConst,nPI 0.9979879275653923
2206 trim nConst,nPI 0.9979879275653923
2207 trim nConst,nPI 1.0
2208 trim nConst,nPI 1.0
2209 keep PI 0.004024144869215292
2210 keep PI 0.004024144869215292
2211 keep PI 0.004024144869215292
2212 keep PI 0.004024144869215292
2213 keep PI 0.004024144869215292
2214 keep PI 0.004024144869215292
2215 keep PI 0.004024144869215292
2216 keep PI 0.004024144869215292
2217 keep PI 0.004024144869215292
2218 keep PI 0.006036217303822937
